2026-07-02 13:19:43.974 +07:00 [INF] User profile is available. Using 'C:\Users\HQ\AppData\Local\ASP.NET\DataProtection-Keys' as key repository and Windows DPAPI to encrypt keys at rest.
2026-07-02 13:19:44.085 +07:00 [INF] Now listening on: http://localhost:5080
2026-07-02 13:19:44.126 +07:00 [INF] Application started. Press Ctrl+C to shut down.
2026-07-02 13:19:44.129 +07:00 [INF] Hosting environment: Development
2026-07-02 13:19:44.132 +07:00 [INF] Content root path: E:\C# Programming(WindowForm)\SmartDms\src\SmartDms.Api
2026-07-02 13:19:45.042 +07:00 [INF] Request starting HTTP/1.1 GET http://localhost:5080/ - null null
2026-07-02 13:19:46.912 +07:00 [INF] HTTP GET / responded 404 in 1717.1290 ms
2026-07-02 13:19:46.920 +07:00 [INF] Request finished HTTP/1.1 GET http://localhost:5080/ - 404 0 null 1879.199ms
2026-07-02 13:19:46.934 +07:00 [INF] Request reached the end of the middleware pipeline without being handled by application code. Request path: GET http://localhost:5080/, Response status code: 404
2026-07-02 13:21:42.773 +07:00 [INF] Request starting HTTP/1.1 GET http://localhost:5080/ - null null
2026-07-02 13:21:42.826 +07:00 [INF] HTTP GET / responded 404 in 2.0194 ms
2026-07-02 13:21:42.835 +07:00 [INF] Request finished HTTP/1.1 GET http://localhost:5080/ - 404 0 null 62.6834ms
2026-07-02 13:21:42.844 +07:00 [INF] Request reached the end of the middleware pipeline without being handled by application code. Request path: GET http://localhost:5080/, Response status code: 404
2026-07-02 13:21:47.513 +07:00 [INF] Request starting HTTP/1.1 GET http://localhost:5080/_framework/aspnetcore-browser-refresh.js - null null
2026-07-02 13:21:47.533 +07:00 [INF] Request finished HTTP/1.1 GET http://localhost:5080/_framework/aspnetcore-browser-refresh.js - 200 13758 application/javascript; charset=utf-8 19.6943ms
2026-07-02 13:21:47.728 +07:00 [INF] Request starting HTTP/1.1 GET http://localhost:5080/swagger/v1/swagger.json - null null
2026-07-02 13:21:47.741 +07:00 [INF] HTTP GET /swagger/v1/swagger.json responded 200 in 8.0188 ms
2026-07-02 13:21:47.744 +07:00 [INF] Request finished HTTP/1.1 GET http://localhost:5080/swagger/v1/swagger.json - 200 null application/json;charset=utf-8 16.0986ms
2026-07-02 13:24:53.830 +07:00 [INF] User profile is available. Using 'C:\Users\HQ\AppData\Local\ASP.NET\DataProtection-Keys' as key repository and Windows DPAPI to encrypt keys at rest.
2026-07-02 13:24:53.955 +07:00 [INF] Now listening on: http://localhost:5080
2026-07-02 13:24:53.994 +07:00 [INF] Application started. Press Ctrl+C to shut down.
2026-07-02 13:24:53.995 +07:00 [INF] Hosting environment: Development
2026-07-02 13:24:53.997 +07:00 [INF] Content root path: E:\C# Programming(WindowForm)\SmartDms\src\SmartDms.Api
2026-07-02 13:24:54.254 +07:00 [INF] Request starting HTTP/1.1 GET http://localhost:5080/swagger/index.html - null null
2026-07-02 13:24:54.385 +07:00 [INF] HTTP GET /swagger/index.html responded 200 in 56.9792 ms
2026-07-02 13:24:54.394 +07:00 [INF] Request finished HTTP/1.1 GET http://localhost:5080/swagger/index.html - 200 null text/html;charset=utf-8 139.6654ms
2026-07-02 13:24:54.427 +07:00 [INF] Request starting HTTP/1.1 GET http://localhost:5080/swagger/index.js - null null
2026-07-02 13:24:54.436 +07:00 [INF] Request starting HTTP/1.1 GET http://localhost:5080/_framework/aspnetcore-browser-refresh.js - null null
2026-07-02 13:24:54.438 +07:00 [INF] HTTP GET /swagger/index.js responded 200 in 2.0496 ms
2026-07-02 13:24:54.445 +07:00 [INF] Request finished HTTP/1.1 GET http://localhost:5080/_framework/aspnetcore-browser-refresh.js - 200 13758 application/javascript; charset=utf-8 8.6459ms
2026-07-02 13:24:54.445 +07:00 [INF] Request finished HTTP/1.1 GET http://localhost:5080/swagger/index.js - 200 null application/javascript;charset=utf-8 18.8479ms
2026-07-02 13:24:54.454 +07:00 [INF] Request starting HTTP/1.1 GET http://localhost:5080/_vs/browserLink - null null
2026-07-02 13:24:54.527 +07:00 [INF] Request finished HTTP/1.1 GET http://localhost:5080/_vs/browserLink - 200 null text/javascript; charset=UTF-8 73.3607ms
2026-07-02 13:24:54.567 +07:00 [INF] Request starting HTTP/1.1 GET http://localhost:5080/swagger/v1/swagger.json - null null
2026-07-02 13:24:54.578 +07:00 [INF] HTTP GET /swagger/v1/swagger.json responded 200 in 5.4706 ms
2026-07-02 13:24:54.581 +07:00 [INF] Request finished HTTP/1.1 GET http://localhost:5080/swagger/v1/swagger.json - 200 null application/json;charset=utf-8 14.606ms
2026-07-02 14:36:59.250 +07:00 [INF] User profile is available. Using 'C:\Users\HQ\AppData\Local\ASP.NET\DataProtection-Keys' as key repository and Windows DPAPI to encrypt keys at rest.
2026-07-02 14:36:59.452 +07:00 [INF] Now listening on: http://localhost:5080
2026-07-02 14:36:59.497 +07:00 [INF] Application started. Press Ctrl+C to shut down.
2026-07-02 14:36:59.500 +07:00 [INF] Hosting environment: Development
2026-07-02 14:36:59.503 +07:00 [INF] Content root path: E:\C# Programming(WindowForm)\SmartDms\src\SmartDms.Api
2026-07-02 14:37:00.891 +07:00 [INF] Request starting HTTP/1.1 GET http://localhost:5080/ - null null
2026-07-02 14:37:03.557 +07:00 [INF] HTTP GET / responded 404 in 2467.2389 ms
2026-07-02 14:37:03.570 +07:00 [INF] Request finished HTTP/1.1 GET http://localhost:5080/ - 404 0 null 2681.4896ms
2026-07-02 14:37:03.583 +07:00 [INF] Request reached the end of the middleware pipeline without being handled by application code. Request path: GET http://localhost:5080/, Response status code: 404
2026-07-02 14:37:08.721 +07:00 [INF] Request starting HTTP/1.1 GET http://localhost:5080/swagger/index.html - null null
2026-07-02 14:37:08.775 +07:00 [INF] HTTP GET /swagger/index.html responded 200 in 45.7008 ms
2026-07-02 14:37:08.783 +07:00 [INF] Request finished HTTP/1.1 GET http://localhost:5080/swagger/index.html - 200 null text/html;charset=utf-8 61.8553ms
2026-07-02 14:37:08.829 +07:00 [INF] Request starting HTTP/1.1 GET http://localhost:5080/_framework/aspnetcore-browser-refresh.js - null null
2026-07-02 14:37:08.830 +07:00 [INF] Request starting HTTP/1.1 GET http://localhost:5080/swagger/index.js - null null
2026-07-02 14:37:08.840 +07:00 [INF] Request finished HTTP/1.1 GET http://localhost:5080/_framework/aspnetcore-browser-refresh.js - 200 13758 application/javascript; charset=utf-8 11.0092ms
2026-07-02 14:37:08.841 +07:00 [INF] Request starting HTTP/1.1 GET http://localhost:5080/_vs/browserLink - null null
2026-07-02 14:37:08.847 +07:00 [INF] HTTP GET /swagger/index.js responded 200 in 1.3407 ms
2026-07-02 14:37:08.868 +07:00 [INF] Request finished HTTP/1.1 GET http://localhost:5080/swagger/index.js - 200 null application/javascript;charset=utf-8 38.117ms
2026-07-02 14:37:08.911 +07:00 [INF] Request finished HTTP/1.1 GET http://localhost:5080/_vs/browserLink - 200 null text/javascript; charset=UTF-8 69.6899ms
2026-07-02 14:37:08.959 +07:00 [INF] Request starting HTTP/1.1 GET http://localhost:5080/swagger/v1/swagger.json - null null
2026-07-02 14:37:08.977 +07:00 [INF] HTTP GET /swagger/v1/swagger.json responded 200 in 10.8908 ms
2026-07-02 14:37:08.980 +07:00 [INF] Request finished HTTP/1.1 GET http://localhost:5080/swagger/v1/swagger.json - 200 null application/json;charset=utf-8 20.9769ms
2026-07-02 14:37:53.013 +07:00 [INF] Request starting HTTP/1.1 POST http://localhost:5080/api/auth/login - application/json 46
2026-07-02 14:37:53.026 +07:00 [INF] CORS policy execution failed.
2026-07-02 14:37:53.029 +07:00 [INF] Request origin http://localhost:5080 does not have permission to access the resource.
2026-07-02 14:37:53.035 +07:00 [INF] Executing endpoint 'JuJuBis.Api.Controllers.AuthController.Login (JuJuBis.Api)'
2026-07-02 14:37:53.066 +07:00 [INF] Route matched with {action = "Login", controller = "Auth"}. Executing controller action with signature System.Threading.Tasks.Task`1[Microsoft.AspNetCore.Mvc.IActionResult] Login(JuJuBis.Application.Features.Auth.Commands.Login.LoginCommand, System.Threading.CancellationToken) on controller JuJuBis.Api.Controllers.AuthController (JuJuBis.Api).
2026-07-02 14:37:56.394 +07:00 [INF] Executed action JuJuBis.Api.Controllers.AuthController.Login (JuJuBis.Api) in 3320.1034ms
2026-07-02 14:37:56.399 +07:00 [INF] Executed endpoint 'JuJuBis.Api.Controllers.AuthController.Login (JuJuBis.Api)'
2026-07-02 14:37:56.403 +07:00 [ERR] HTTP POST /api/auth/login responded 500 in 3378.9712 ms
BCrypt.Net.SaltParseException: Invalid salt version
   at BCrypt.Net.BCrypt.HashPassword(String inputKey, String salt, Boolean enhancedEntropy, HashType hashType)
   at BCrypt.Net.BCrypt.Verify(String text, String hash, Boolean enhancedEntropy, HashType hashType)
   at JuJuBis.Infrastructure.Auth.PasswordHasher.Verify(String password, String hash) in E:\C# Programming(WindowForm)\SmartDms\src\SmartDms.Infrastructure\Auth\PasswordHasher.cs:line 14
   at JuJuBis.Application.Features.Auth.Commands.Login.LoginHandler.Handle(LoginCommand cmd, CancellationToken ct) in E:\C# Programming(WindowForm)\SmartDms\src\SmartDms.Application\Features\Auth\Commands\Login\LoginHandler.cs:line 29
   at JuJuBis.Api.Controllers.AuthController.Login(LoginCommand command, CancellationToken cancellationToken) in E:\C# Programming(WindowForm)\SmartDms\src\SmartDms.Api\Controllers\AuthController.cs:line 48
   at Microsoft.AspNetCore.Mvc.Infrastructure.ActionMethodExecutor.TaskOfIActionResultExecutor.Execute(ActionContext actionContext, IActionResultTypeMapper mapper, ObjectMethodExecutor executor, Object controller, Object[] arguments)
   at Microsoft.AspNetCore.Mvc.Infrastructure.ControllerActionInvoker.<InvokeActionMethodAsync>g__Awaited|12_0(ControllerActionInvoker invoker, ValueTask`1 actionResultValueTask)
   at Microsoft.AspNetCore.Mvc.Infrastructure.ControllerActionInvoker.<InvokeNextActionFilterAsync>g__Awaited|10_0(ControllerActionInvoker invoker, Task lastTask, State next, Scope scope, Object state, Boolean isCompleted)
   at Microsoft.AspNetCore.Mvc.Infrastructure.ControllerActionInvoker.Rethrow(ActionExecutedContextSealed context)
   at Microsoft.AspNetCore.Mvc.Infrastructure.ControllerActionInvoker.Next(State& next, Scope& scope, Object& state, Boolean& isCompleted)
   at Microsoft.AspNetCore.Mvc.Infrastructure.ControllerActionInvoker.<InvokeInnerFilterAsync>g__Awaited|13_0(ControllerActionInvoker invoker, Task lastTask, State next, Scope scope, Object state, Boolean isCompleted)
   at Microsoft.AspNetCore.Mvc.Infrastructure.ResourceInvoker.<InvokeFilterPipelineAsync>g__Awaited|20_0(ResourceInvoker invoker, Task lastTask, State next, Scope scope, Object state, Boolean isCompleted)
   at Microsoft.AspNetCore.Mvc.Infrastructure.ResourceInvoker.<InvokeAsync>g__Logged|17_1(ResourceInvoker invoker)
   at Microsoft.AspNetCore.Mvc.Infrastructure.ResourceInvoker.<InvokeAsync>g__Logged|17_1(ResourceInvoker invoker)
   at Microsoft.AspNetCore.Routing.EndpointMiddleware.<Invoke>g__AwaitRequestTask|7_0(Endpoint endpoint, Task requestTask, ILogger logger)
   at Microsoft.AspNetCore.Authorization.AuthorizationMiddleware.Invoke(HttpContext context)
   at Microsoft.AspNetCore.Authentication.AuthenticationMiddleware.Invoke(HttpContext context)
   at Swashbuckle.AspNetCore.SwaggerUI.SwaggerUIMiddleware.Invoke(HttpContext httpContext)
   at Swashbuckle.AspNetCore.Swagger.SwaggerMiddleware.Invoke(HttpContext httpContext, ISwaggerProvider swaggerProvider)
   at Serilog.AspNetCore.RequestLoggingMiddleware.Invoke(HttpContext httpContext)
2026-07-02 14:37:56.488 +07:00 [ERR] Unhandled exception
BCrypt.Net.SaltParseException: Invalid salt version
   at BCrypt.Net.BCrypt.HashPassword(String inputKey, String salt, Boolean enhancedEntropy, HashType hashType)
   at BCrypt.Net.BCrypt.Verify(String text, String hash, Boolean enhancedEntropy, HashType hashType)
   at JuJuBis.Infrastructure.Auth.PasswordHasher.Verify(String password, String hash) in E:\C# Programming(WindowForm)\SmartDms\src\SmartDms.Infrastructure\Auth\PasswordHasher.cs:line 14
   at JuJuBis.Application.Features.Auth.Commands.Login.LoginHandler.Handle(LoginCommand cmd, CancellationToken ct) in E:\C# Programming(WindowForm)\SmartDms\src\SmartDms.Application\Features\Auth\Commands\Login\LoginHandler.cs:line 29
   at JuJuBis.Api.Controllers.AuthController.Login(LoginCommand command, CancellationToken cancellationToken) in E:\C# Programming(WindowForm)\SmartDms\src\SmartDms.Api\Controllers\AuthController.cs:line 48
   at Microsoft.AspNetCore.Mvc.Infrastructure.ActionMethodExecutor.TaskOfIActionResultExecutor.Execute(ActionContext actionContext, IActionResultTypeMapper mapper, ObjectMethodExecutor executor, Object controller, Object[] arguments)
   at Microsoft.AspNetCore.Mvc.Infrastructure.ControllerActionInvoker.<InvokeActionMethodAsync>g__Awaited|12_0(ControllerActionInvoker invoker, ValueTask`1 actionResultValueTask)
   at Microsoft.AspNetCore.Mvc.Infrastructure.ControllerActionInvoker.<InvokeNextActionFilterAsync>g__Awaited|10_0(ControllerActionInvoker invoker, Task lastTask, State next, Scope scope, Object state, Boolean isCompleted)
   at Microsoft.AspNetCore.Mvc.Infrastructure.ControllerActionInvoker.Rethrow(ActionExecutedContextSealed context)
   at Microsoft.AspNetCore.Mvc.Infrastructure.ControllerActionInvoker.Next(State& next, Scope& scope, Object& state, Boolean& isCompleted)
   at Microsoft.AspNetCore.Mvc.Infrastructure.ControllerActionInvoker.<InvokeInnerFilterAsync>g__Awaited|13_0(ControllerActionInvoker invoker, Task lastTask, State next, Scope scope, Object state, Boolean isCompleted)
   at Microsoft.AspNetCore.Mvc.Infrastructure.ResourceInvoker.<InvokeFilterPipelineAsync>g__Awaited|20_0(ResourceInvoker invoker, Task lastTask, State next, Scope scope, Object state, Boolean isCompleted)
   at Microsoft.AspNetCore.Mvc.Infrastructure.ResourceInvoker.<InvokeAsync>g__Logged|17_1(ResourceInvoker invoker)
   at Microsoft.AspNetCore.Mvc.Infrastructure.ResourceInvoker.<InvokeAsync>g__Logged|17_1(ResourceInvoker invoker)
   at Microsoft.AspNetCore.Routing.EndpointMiddleware.<Invoke>g__AwaitRequestTask|7_0(Endpoint endpoint, Task requestTask, ILogger logger)
   at Microsoft.AspNetCore.Authorization.AuthorizationMiddleware.Invoke(HttpContext context)
   at Microsoft.AspNetCore.Authentication.AuthenticationMiddleware.Invoke(HttpContext context)
   at Swashbuckle.AspNetCore.SwaggerUI.SwaggerUIMiddleware.Invoke(HttpContext httpContext)
   at Swashbuckle.AspNetCore.Swagger.SwaggerMiddleware.Invoke(HttpContext httpContext, ISwaggerProvider swaggerProvider)
   at Serilog.AspNetCore.RequestLoggingMiddleware.Invoke(HttpContext httpContext)
   at JuJuBis.Api.Middleware.GlobalExceptionMiddleware.InvokeAsync(HttpContext context) in E:\C# Programming(WindowForm)\SmartDms\src\SmartDms.Api\Middleware\GlobalExceptionMiddleware.cs:line 21
2026-07-02 14:37:56.512 +07:00 [INF] Request finished HTTP/1.1 POST http://localhost:5080/api/auth/login - 500 null application/json 3499.2825ms
2026-07-02 14:38:38.259 +07:00 [INF] Request starting HTTP/1.1 POST http://localhost:5080/api/auth/login - application/json 103
2026-07-02 14:38:38.272 +07:00 [INF] CORS policy execution failed.
2026-07-02 14:38:38.276 +07:00 [INF] Request origin http://localhost:5080 does not have permission to access the resource.
2026-07-02 14:38:38.283 +07:00 [INF] Executing endpoint 'JuJuBis.Api.Controllers.AuthController.Login (JuJuBis.Api)'
2026-07-02 14:38:38.285 +07:00 [INF] Route matched with {action = "Login", controller = "Auth"}. Executing controller action with signature System.Threading.Tasks.Task`1[Microsoft.AspNetCore.Mvc.IActionResult] Login(JuJuBis.Application.Features.Auth.Commands.Login.LoginCommand, System.Threading.CancellationToken) on controller JuJuBis.Api.Controllers.AuthController (JuJuBis.Api).
2026-07-02 14:38:38.374 +07:00 [INF] Executed action JuJuBis.Api.Controllers.AuthController.Login (JuJuBis.Api) in 79.2168ms
2026-07-02 14:38:38.378 +07:00 [INF] Executed endpoint 'JuJuBis.Api.Controllers.AuthController.Login (JuJuBis.Api)'
2026-07-02 14:38:38.380 +07:00 [ERR] HTTP POST /api/auth/login responded 500 in 108.9637 ms
BCrypt.Net.SaltParseException: Invalid salt version
   at BCrypt.Net.BCrypt.HashPassword(String inputKey, String salt, Boolean enhancedEntropy, HashType hashType)
   at BCrypt.Net.BCrypt.Verify(String text, String hash, Boolean enhancedEntropy, HashType hashType)
   at JuJuBis.Infrastructure.Auth.PasswordHasher.Verify(String password, String hash) in E:\C# Programming(WindowForm)\SmartDms\src\SmartDms.Infrastructure\Auth\PasswordHasher.cs:line 14
   at JuJuBis.Application.Features.Auth.Commands.Login.LoginHandler.Handle(LoginCommand cmd, CancellationToken ct) in E:\C# Programming(WindowForm)\SmartDms\src\SmartDms.Application\Features\Auth\Commands\Login\LoginHandler.cs:line 29
   at JuJuBis.Api.Controllers.AuthController.Login(LoginCommand command, CancellationToken cancellationToken) in E:\C# Programming(WindowForm)\SmartDms\src\SmartDms.Api\Controllers\AuthController.cs:line 48
   at Microsoft.AspNetCore.Mvc.Infrastructure.ActionMethodExecutor.TaskOfIActionResultExecutor.Execute(ActionContext actionContext, IActionResultTypeMapper mapper, ObjectMethodExecutor executor, Object controller, Object[] arguments)
   at Microsoft.AspNetCore.Mvc.Infrastructure.ControllerActionInvoker.<InvokeActionMethodAsync>g__Awaited|12_0(ControllerActionInvoker invoker, ValueTask`1 actionResultValueTask)
   at Microsoft.AspNetCore.Mvc.Infrastructure.ControllerActionInvoker.<InvokeNextActionFilterAsync>g__Awaited|10_0(ControllerActionInvoker invoker, Task lastTask, State next, Scope scope, Object state, Boolean isCompleted)
   at Microsoft.AspNetCore.Mvc.Infrastructure.ControllerActionInvoker.Rethrow(ActionExecutedContextSealed context)
   at Microsoft.AspNetCore.Mvc.Infrastructure.ControllerActionInvoker.Next(State& next, Scope& scope, Object& state, Boolean& isCompleted)
   at Microsoft.AspNetCore.Mvc.Infrastructure.ControllerActionInvoker.<InvokeInnerFilterAsync>g__Awaited|13_0(ControllerActionInvoker invoker, Task lastTask, State next, Scope scope, Object state, Boolean isCompleted)
   at Microsoft.AspNetCore.Mvc.Infrastructure.ResourceInvoker.<InvokeFilterPipelineAsync>g__Awaited|20_0(ResourceInvoker invoker, Task lastTask, State next, Scope scope, Object state, Boolean isCompleted)
   at Microsoft.AspNetCore.Mvc.Infrastructure.ResourceInvoker.<InvokeAsync>g__Logged|17_1(ResourceInvoker invoker)
   at Microsoft.AspNetCore.Mvc.Infrastructure.ResourceInvoker.<InvokeAsync>g__Logged|17_1(ResourceInvoker invoker)
   at Microsoft.AspNetCore.Routing.EndpointMiddleware.<Invoke>g__AwaitRequestTask|7_0(Endpoint endpoint, Task requestTask, ILogger logger)
   at Microsoft.AspNetCore.Authorization.AuthorizationMiddleware.Invoke(HttpContext context)
   at Microsoft.AspNetCore.Authentication.AuthenticationMiddleware.Invoke(HttpContext context)
   at Swashbuckle.AspNetCore.SwaggerUI.SwaggerUIMiddleware.Invoke(HttpContext httpContext)
   at Swashbuckle.AspNetCore.Swagger.SwaggerMiddleware.Invoke(HttpContext httpContext, ISwaggerProvider swaggerProvider)
   at Serilog.AspNetCore.RequestLoggingMiddleware.Invoke(HttpContext httpContext)
2026-07-02 14:38:38.403 +07:00 [ERR] Unhandled exception
BCrypt.Net.SaltParseException: Invalid salt version
   at BCrypt.Net.BCrypt.HashPassword(String inputKey, String salt, Boolean enhancedEntropy, HashType hashType)
   at BCrypt.Net.BCrypt.Verify(String text, String hash, Boolean enhancedEntropy, HashType hashType)
   at JuJuBis.Infrastructure.Auth.PasswordHasher.Verify(String password, String hash) in E:\C# Programming(WindowForm)\SmartDms\src\SmartDms.Infrastructure\Auth\PasswordHasher.cs:line 14
   at JuJuBis.Application.Features.Auth.Commands.Login.LoginHandler.Handle(LoginCommand cmd, CancellationToken ct) in E:\C# Programming(WindowForm)\SmartDms\src\SmartDms.Application\Features\Auth\Commands\Login\LoginHandler.cs:line 29
   at JuJuBis.Api.Controllers.AuthController.Login(LoginCommand command, CancellationToken cancellationToken) in E:\C# Programming(WindowForm)\SmartDms\src\SmartDms.Api\Controllers\AuthController.cs:line 48
   at Microsoft.AspNetCore.Mvc.Infrastructure.ActionMethodExecutor.TaskOfIActionResultExecutor.Execute(ActionContext actionContext, IActionResultTypeMapper mapper, ObjectMethodExecutor executor, Object controller, Object[] arguments)
   at Microsoft.AspNetCore.Mvc.Infrastructure.ControllerActionInvoker.<InvokeActionMethodAsync>g__Awaited|12_0(ControllerActionInvoker invoker, ValueTask`1 actionResultValueTask)
   at Microsoft.AspNetCore.Mvc.Infrastructure.ControllerActionInvoker.<InvokeNextActionFilterAsync>g__Awaited|10_0(ControllerActionInvoker invoker, Task lastTask, State next, Scope scope, Object state, Boolean isCompleted)
   at Microsoft.AspNetCore.Mvc.Infrastructure.ControllerActionInvoker.Rethrow(ActionExecutedContextSealed context)
   at Microsoft.AspNetCore.Mvc.Infrastructure.ControllerActionInvoker.Next(State& next, Scope& scope, Object& state, Boolean& isCompleted)
   at Microsoft.AspNetCore.Mvc.Infrastructure.ControllerActionInvoker.<InvokeInnerFilterAsync>g__Awaited|13_0(ControllerActionInvoker invoker, Task lastTask, State next, Scope scope, Object state, Boolean isCompleted)
   at Microsoft.AspNetCore.Mvc.Infrastructure.ResourceInvoker.<InvokeFilterPipelineAsync>g__Awaited|20_0(ResourceInvoker invoker, Task lastTask, State next, Scope scope, Object state, Boolean isCompleted)
   at Microsoft.AspNetCore.Mvc.Infrastructure.ResourceInvoker.<InvokeAsync>g__Logged|17_1(ResourceInvoker invoker)
   at Microsoft.AspNetCore.Mvc.Infrastructure.ResourceInvoker.<InvokeAsync>g__Logged|17_1(ResourceInvoker invoker)
   at Microsoft.AspNetCore.Routing.EndpointMiddleware.<Invoke>g__AwaitRequestTask|7_0(Endpoint endpoint, Task requestTask, ILogger logger)
   at Microsoft.AspNetCore.Authorization.AuthorizationMiddleware.Invoke(HttpContext context)
   at Microsoft.AspNetCore.Authentication.AuthenticationMiddleware.Invoke(HttpContext context)
   at Swashbuckle.AspNetCore.SwaggerUI.SwaggerUIMiddleware.Invoke(HttpContext httpContext)
   at Swashbuckle.AspNetCore.Swagger.SwaggerMiddleware.Invoke(HttpContext httpContext, ISwaggerProvider swaggerProvider)
   at Serilog.AspNetCore.RequestLoggingMiddleware.Invoke(HttpContext httpContext)
   at JuJuBis.Api.Middleware.GlobalExceptionMiddleware.InvokeAsync(HttpContext context) in E:\C# Programming(WindowForm)\SmartDms\src\SmartDms.Api\Middleware\GlobalExceptionMiddleware.cs:line 21
2026-07-02 14:38:38.429 +07:00 [INF] Request finished HTTP/1.1 POST http://localhost:5080/api/auth/login - 500 null application/json 169.6915ms
2026-07-02 14:39:34.800 +07:00 [INF] User profile is available. Using 'C:\Users\HQ\AppData\Local\ASP.NET\DataProtection-Keys' as key repository and Windows DPAPI to encrypt keys at rest.
2026-07-02 14:39:36.264 +07:00 [INF] Now listening on: http://localhost:5080
2026-07-02 14:39:36.434 +07:00 [INF] Application started. Press Ctrl+C to shut down.
2026-07-02 14:39:36.437 +07:00 [INF] Hosting environment: Development
2026-07-02 14:39:36.444 +07:00 [INF] Content root path: E:\C# Programming(WindowForm)\SmartDms\src\SmartDms.Api
2026-07-02 14:39:38.489 +07:00 [INF] Request starting HTTP/1.1 GET http://localhost:5080/ - null null
2026-07-02 14:39:38.707 +07:00 [INF] HTTP GET / responded 404 in 59.0220 ms
2026-07-02 14:39:38.722 +07:00 [INF] Request finished HTTP/1.1 GET http://localhost:5080/ - 404 0 null 256.8266ms
2026-07-02 14:39:38.731 +07:00 [INF] Request reached the end of the middleware pipeline without being handled by application code. Request path: GET http://localhost:5080/, Response status code: 404
2026-07-02 14:39:45.388 +07:00 [INF] Request starting HTTP/1.1 GET http://localhost:5080/_framework/aspnetcore-browser-refresh.js - null null
2026-07-02 14:39:45.399 +07:00 [INF] Request finished HTTP/1.1 GET http://localhost:5080/_framework/aspnetcore-browser-refresh.js - 200 13758 application/javascript; charset=utf-8 11.318ms
2026-07-02 14:39:45.529 +07:00 [INF] Request starting HTTP/1.1 GET http://localhost:5080/swagger/v1/swagger.json - null null
2026-07-02 14:39:45.552 +07:00 [INF] HTTP GET /swagger/v1/swagger.json responded 200 in 12.8722 ms
2026-07-02 14:39:45.557 +07:00 [INF] Request finished HTTP/1.1 GET http://localhost:5080/swagger/v1/swagger.json - 200 null application/json;charset=utf-8 28.455ms
2026-07-02 14:39:47.450 +07:00 [INF] Request starting HTTP/1.1 GET http://localhost:5080/swagger/index.html - null null
2026-07-02 14:39:47.530 +07:00 [INF] HTTP GET /swagger/index.html responded 200 in 66.8695 ms
2026-07-02 14:39:47.548 +07:00 [INF] Request finished HTTP/1.1 GET http://localhost:5080/swagger/index.html - 200 null text/html;charset=utf-8 97.5579ms
2026-07-02 14:39:47.575 +07:00 [INF] Request starting HTTP/1.1 GET http://localhost:5080/_framework/aspnetcore-browser-refresh.js - null null
2026-07-02 14:39:47.586 +07:00 [INF] Request starting HTTP/1.1 GET http://localhost:5080/_vs/browserLink - null null
2026-07-02 14:39:47.588 +07:00 [INF] Request starting HTTP/1.1 GET http://localhost:5080/swagger/index.js - null null
2026-07-02 14:39:47.597 +07:00 [INF] Request finished HTTP/1.1 GET http://localhost:5080/_framework/aspnetcore-browser-refresh.js - 200 13758 application/javascript; charset=utf-8 22.1821ms
2026-07-02 14:39:47.609 +07:00 [INF] HTTP GET /swagger/index.js responded 200 in 1.2124 ms
2026-07-02 14:39:47.623 +07:00 [INF] Request finished HTTP/1.1 GET http://localhost:5080/swagger/index.js - 200 null application/javascript;charset=utf-8 34.1766ms
2026-07-02 14:39:47.649 +07:00 [INF] Request finished HTTP/1.1 GET http://localhost:5080/_vs/browserLink - 200 null text/javascript; charset=UTF-8 63.2372ms
2026-07-02 14:39:47.675 +07:00 [INF] Request starting HTTP/1.1 GET http://localhost:5080/swagger/v1/swagger.json - null null
2026-07-02 14:39:47.685 +07:00 [INF] HTTP GET /swagger/v1/swagger.json responded 200 in 3.5808 ms
2026-07-02 14:39:47.693 +07:00 [INF] Request finished HTTP/1.1 GET http://localhost:5080/swagger/v1/swagger.json - 200 null application/json;charset=utf-8 18.2901ms
2026-07-02 14:39:52.928 +07:00 [INF] Request starting HTTP/1.1 POST http://localhost:5080/api/auth/login - application/json 46
2026-07-02 14:39:52.938 +07:00 [INF] CORS policy execution failed.
2026-07-02 14:39:52.940 +07:00 [INF] Request origin http://localhost:5080 does not have permission to access the resource.
2026-07-02 14:39:52.947 +07:00 [INF] Executing endpoint 'JuJuBis.Api.Controllers.AuthController.Login (JuJuBis.Api)'
2026-07-02 14:39:52.984 +07:00 [INF] Route matched with {action = "Login", controller = "Auth"}. Executing controller action with signature System.Threading.Tasks.Task`1[Microsoft.AspNetCore.Mvc.IActionResult] Login(JuJuBis.Application.Features.Auth.Commands.Login.LoginCommand, System.Threading.CancellationToken) on controller JuJuBis.Api.Controllers.AuthController (JuJuBis.Api).
2026-07-02 14:40:09.874 +07:00 [INF] Executed action JuJuBis.Api.Controllers.AuthController.Login (JuJuBis.Api) in 16882.0839ms
2026-07-02 14:40:09.879 +07:00 [INF] Executed endpoint 'JuJuBis.Api.Controllers.AuthController.Login (JuJuBis.Api)'
2026-07-02 14:40:09.884 +07:00 [ERR] HTTP POST /api/auth/login responded 500 in 16947.0700 ms
BCrypt.Net.SaltParseException: Invalid salt version
   at BCrypt.Net.BCrypt.HashPassword(String inputKey, String salt, Boolean enhancedEntropy, HashType hashType)
   at BCrypt.Net.BCrypt.Verify(String text, String hash, Boolean enhancedEntropy, HashType hashType)
   at JuJuBis.Infrastructure.Auth.PasswordHasher.Verify(String password, String hash) in E:\C# Programming(WindowForm)\SmartDms\src\SmartDms.Infrastructure\Auth\PasswordHasher.cs:line 14
   at JuJuBis.Application.Features.Auth.Commands.Login.LoginHandler.Handle(LoginCommand cmd, CancellationToken ct) in E:\C# Programming(WindowForm)\SmartDms\src\SmartDms.Application\Features\Auth\Commands\Login\LoginHandler.cs:line 29
   at JuJuBis.Api.Controllers.AuthController.Login(LoginCommand command, CancellationToken cancellationToken) in E:\C# Programming(WindowForm)\SmartDms\src\SmartDms.Api\Controllers\AuthController.cs:line 48
   at Microsoft.AspNetCore.Mvc.Infrastructure.ActionMethodExecutor.TaskOfIActionResultExecutor.Execute(ActionContext actionContext, IActionResultTypeMapper mapper, ObjectMethodExecutor executor, Object controller, Object[] arguments)
   at Microsoft.AspNetCore.Mvc.Infrastructure.ControllerActionInvoker.<InvokeActionMethodAsync>g__Awaited|12_0(ControllerActionInvoker invoker, ValueTask`1 actionResultValueTask)
   at Microsoft.AspNetCore.Mvc.Infrastructure.ControllerActionInvoker.<InvokeNextActionFilterAsync>g__Awaited|10_0(ControllerActionInvoker invoker, Task lastTask, State next, Scope scope, Object state, Boolean isCompleted)
   at Microsoft.AspNetCore.Mvc.Infrastructure.ControllerActionInvoker.Rethrow(ActionExecutedContextSealed context)
   at Microsoft.AspNetCore.Mvc.Infrastructure.ControllerActionInvoker.Next(State& next, Scope& scope, Object& state, Boolean& isCompleted)
   at Microsoft.AspNetCore.Mvc.Infrastructure.ControllerActionInvoker.<InvokeInnerFilterAsync>g__Awaited|13_0(ControllerActionInvoker invoker, Task lastTask, State next, Scope scope, Object state, Boolean isCompleted)
   at Microsoft.AspNetCore.Mvc.Infrastructure.ResourceInvoker.<InvokeFilterPipelineAsync>g__Awaited|20_0(ResourceInvoker invoker, Task lastTask, State next, Scope scope, Object state, Boolean isCompleted)
   at Microsoft.AspNetCore.Mvc.Infrastructure.ResourceInvoker.<InvokeAsync>g__Logged|17_1(ResourceInvoker invoker)
   at Microsoft.AspNetCore.Mvc.Infrastructure.ResourceInvoker.<InvokeAsync>g__Logged|17_1(ResourceInvoker invoker)
   at Microsoft.AspNetCore.Routing.EndpointMiddleware.<Invoke>g__AwaitRequestTask|7_0(Endpoint endpoint, Task requestTask, ILogger logger)
   at Microsoft.AspNetCore.Authorization.AuthorizationMiddleware.Invoke(HttpContext context)
   at Microsoft.AspNetCore.Authentication.AuthenticationMiddleware.Invoke(HttpContext context)
   at Swashbuckle.AspNetCore.SwaggerUI.SwaggerUIMiddleware.Invoke(HttpContext httpContext)
   at Swashbuckle.AspNetCore.Swagger.SwaggerMiddleware.Invoke(HttpContext httpContext, ISwaggerProvider swaggerProvider)
   at Serilog.AspNetCore.RequestLoggingMiddleware.Invoke(HttpContext httpContext)
2026-07-02 14:41:31.383 +07:00 [INF] User profile is available. Using 'C:\Users\HQ\AppData\Local\ASP.NET\DataProtection-Keys' as key repository and Windows DPAPI to encrypt keys at rest.
2026-07-02 14:41:31.496 +07:00 [INF] Now listening on: http://localhost:5080
2026-07-02 14:41:31.692 +07:00 [INF] Request starting HTTP/1.1 GET http://localhost:5080/ - null null
2026-07-02 14:41:31.744 +07:00 [INF] Application started. Press Ctrl+C to shut down.
2026-07-02 14:41:31.747 +07:00 [INF] Hosting environment: Development
2026-07-02 14:41:31.749 +07:00 [INF] Content root path: E:\C# Programming(WindowForm)\SmartDms\src\SmartDms.Api
2026-07-02 14:41:31.809 +07:00 [INF] HTTP GET / responded 404 in 20.8810 ms
2026-07-02 14:41:31.815 +07:00 [INF] Request finished HTTP/1.1 GET http://localhost:5080/ - 404 0 null 125.489ms
2026-07-02 14:41:31.884 +07:00 [INF] Request reached the end of the middleware pipeline without being handled by application code. Request path: GET http://localhost:5080/, Response status code: 404
2026-07-02 14:41:34.277 +07:00 [INF] Request starting HTTP/1.1 POST http://localhost:5080/api/auth/login - application/json 46
2026-07-02 14:41:34.289 +07:00 [INF] CORS policy execution failed.
2026-07-02 14:41:34.293 +07:00 [INF] Request origin http://localhost:5080 does not have permission to access the resource.
2026-07-02 14:41:34.299 +07:00 [INF] Executing endpoint 'JuJuBis.Api.Controllers.AuthController.Login (JuJuBis.Api)'
2026-07-02 14:41:34.319 +07:00 [INF] Route matched with {action = "Login", controller = "Auth"}. Executing controller action with signature System.Threading.Tasks.Task`1[Microsoft.AspNetCore.Mvc.IActionResult] Login(JuJuBis.Application.Features.Auth.Commands.Login.LoginCommand, System.Threading.CancellationToken) on controller JuJuBis.Api.Controllers.AuthController (JuJuBis.Api).
2026-07-02 14:41:34.606 +07:00 [INF] Executing UnauthorizedObjectResult, writing value of type '<>f__AnonymousType0`1[[System.String, System.Private.CoreLib, Version=8.0.0.0, Culture=neutral, PublicKeyToken=7cec85d7bea7798e]]'.
2026-07-02 14:41:34.617 +07:00 [INF] Executed action JuJuBis.Api.Controllers.AuthController.Login (JuJuBis.Api) in 290.0425ms
2026-07-02 14:41:34.621 +07:00 [INF] Executed endpoint 'JuJuBis.Api.Controllers.AuthController.Login (JuJuBis.Api)'
2026-07-02 14:41:34.624 +07:00 [INF] HTTP POST /api/auth/login responded 401 in 337.2200 ms
2026-07-02 14:41:34.628 +07:00 [INF] Request finished HTTP/1.1 POST http://localhost:5080/api/auth/login - 401 null application/json; charset=utf-8 351.3389ms
2026-07-02 14:42:50.051 +07:00 [INF] Request starting HTTP/1.1 POST http://localhost:5080/api/auth/register - application/json 266
2026-07-02 14:42:50.069 +07:00 [INF] CORS policy execution failed.
2026-07-02 14:42:50.072 +07:00 [INF] Request origin http://localhost:5080 does not have permission to access the resource.
2026-07-02 14:42:50.082 +07:00 [INF] Executing endpoint 'JuJuBis.Api.Controllers.AuthController.Register (JuJuBis.Api)'
2026-07-02 14:42:50.090 +07:00 [INF] Route matched with {action = "Register", controller = "Auth"}. Executing controller action with signature System.Threading.Tasks.Task`1[Microsoft.AspNetCore.Mvc.IActionResult] Register(JuJuBis.Application.Abstractions.Auth.Commands.Register.RegisterCommand, System.Threading.CancellationToken) on controller JuJuBis.Api.Controllers.AuthController (JuJuBis.Api).
2026-07-02 14:42:50.122 +07:00 [INF] Executing BadRequestObjectResult, writing value of type '<>f__AnonymousType0`1[[System.String, System.Private.CoreLib, Version=8.0.0.0, Culture=neutral, PublicKeyToken=7cec85d7bea7798e]]'.
2026-07-02 14:42:50.128 +07:00 [INF] Executed action JuJuBis.Api.Controllers.AuthController.Register (JuJuBis.Api) in 30.1716ms
2026-07-02 14:42:50.131 +07:00 [INF] Executed endpoint 'JuJuBis.Api.Controllers.AuthController.Register (JuJuBis.Api)'
2026-07-02 14:42:50.133 +07:00 [INF] HTTP POST /api/auth/register responded 400 in 65.3700 ms
2026-07-02 14:42:50.139 +07:00 [INF] Request finished HTTP/1.1 POST http://localhost:5080/api/auth/register - 400 null application/json; charset=utf-8 86.642ms
2026-07-02 14:43:00.510 +07:00 [INF] Request starting HTTP/1.1 POST http://localhost:5080/api/auth/register - application/json 269
2026-07-02 14:43:00.532 +07:00 [INF] CORS policy execution failed.
2026-07-02 14:43:00.536 +07:00 [INF] Request origin http://localhost:5080 does not have permission to access the resource.
2026-07-02 14:43:00.540 +07:00 [INF] Executing endpoint 'JuJuBis.Api.Controllers.AuthController.Register (JuJuBis.Api)'
2026-07-02 14:43:00.546 +07:00 [INF] Route matched with {action = "Register", controller = "Auth"}. Executing controller action with signature System.Threading.Tasks.Task`1[Microsoft.AspNetCore.Mvc.IActionResult] Register(JuJuBis.Application.Abstractions.Auth.Commands.Register.RegisterCommand, System.Threading.CancellationToken) on controller JuJuBis.Api.Controllers.AuthController (JuJuBis.Api).
2026-07-02 14:43:00.558 +07:00 [INF] Executing BadRequestObjectResult, writing value of type '<>f__AnonymousType0`1[[System.String, System.Private.CoreLib, Version=8.0.0.0, Culture=neutral, PublicKeyToken=7cec85d7bea7798e]]'.
2026-07-02 14:43:00.564 +07:00 [INF] Executed action JuJuBis.Api.Controllers.AuthController.Register (JuJuBis.Api) in 13.2492ms
2026-07-02 14:43:00.569 +07:00 [INF] Executed endpoint 'JuJuBis.Api.Controllers.AuthController.Register (JuJuBis.Api)'
2026-07-02 14:43:00.571 +07:00 [INF] HTTP POST /api/auth/register responded 400 in 38.2589 ms
2026-07-02 14:43:00.576 +07:00 [INF] Request finished HTTP/1.1 POST http://localhost:5080/api/auth/register - 400 null application/json; charset=utf-8 66.1637ms
2026-07-02 14:43:09.147 +07:00 [INF] Request starting HTTP/1.1 POST http://localhost:5080/api/auth/register - application/json 270
2026-07-02 14:43:09.164 +07:00 [INF] CORS policy execution failed.
2026-07-02 14:43:09.173 +07:00 [INF] Request origin http://localhost:5080 does not have permission to access the resource.
2026-07-02 14:43:09.179 +07:00 [INF] Executing endpoint 'JuJuBis.Api.Controllers.AuthController.Register (JuJuBis.Api)'
2026-07-02 14:43:09.187 +07:00 [INF] Route matched with {action = "Register", controller = "Auth"}. Executing controller action with signature System.Threading.Tasks.Task`1[Microsoft.AspNetCore.Mvc.IActionResult] Register(JuJuBis.Application.Abstractions.Auth.Commands.Register.RegisterCommand, System.Threading.CancellationToken) on controller JuJuBis.Api.Controllers.AuthController (JuJuBis.Api).
2026-07-02 14:43:09.502 +07:00 [INF] Executed action JuJuBis.Api.Controllers.AuthController.Register (JuJuBis.Api) in 306.533ms
2026-07-02 14:43:09.504 +07:00 [INF] Executed endpoint 'JuJuBis.Api.Controllers.AuthController.Register (JuJuBis.Api)'
2026-07-02 14:43:09.506 +07:00 [ERR] HTTP POST /api/auth/register responded 500 in 342.7123 ms
Microsoft.Data.SqlClient.SqlException (0x80131904): The INSERT statement conflicted with the FOREIGN KEY constraint "FK_Users_Outlet". The conflict occurred in database "DBJuJuBi", table "dbo.Outlet", column 'Id'.
The statement has been terminated.
   at Microsoft.Data.SqlClient.SqlConnection.OnError(SqlException exception, Boolean breakConnection, Action`1 wrapCloseInAction)
   at Microsoft.Data.SqlClient.SqlInternalConnection.OnError(SqlException exception, Boolean breakConnection, Action`1 wrapCloseInAction)
   at Microsoft.Data.SqlClient.TdsParser.ThrowExceptionAndWarning(TdsParserStateObject stateObj, SqlCommand command, Boolean callerHasConnectionLock, Boolean asyncClose)
   at Microsoft.Data.SqlClient.TdsParser.TryRun(RunBehavior runBehavior, SqlCommand cmdHandler, SqlDataReader dataStream, BulkCopySimpleResultSet bulkCopyHandler, TdsParserStateObject stateObj, Boolean& dataReady)
   at Microsoft.Data.SqlClient.SqlDataReader.TryConsumeMetaData()
   at Microsoft.Data.SqlClient.SqlDataReader.get_MetaData()
   at Microsoft.Data.SqlClient.SqlCommand.FinishExecuteReader(SqlDataReader ds, RunBehavior runBehavior, String resetOptionsString, Boolean isInternal, Boolean forDescribeParameterEncryption, Boolean shouldCacheForAlwaysEncrypted)
   at Microsoft.Data.SqlClient.SqlCommand.CompleteAsyncExecuteReader(Boolean isInternal, Boolean forDescribeParameterEncryption)
   at Microsoft.Data.SqlClient.SqlCommand.InternalEndExecuteReader(IAsyncResult asyncResult, Boolean isInternal, String endMethod)
   at Microsoft.Data.SqlClient.SqlCommand.EndExecuteReaderInternal(IAsyncResult asyncResult)
   at Microsoft.Data.SqlClient.SqlCommand.EndExecuteReaderAsync(IAsyncResult asyncResult)
   at Microsoft.Data.SqlClient.SqlCommand.<>c.<InternalExecuteReaderAsync>b__201_1(IAsyncResult asyncResult)
   at System.Threading.Tasks.TaskFactory`1.FromAsyncCoreLogic(IAsyncResult iar, Func`2 endFunction, Action`1 endAction, Task`1 promise, Boolean requiresSynchronization)
--- End of stack trace from previous location ---
   at Dapper.SqlMapper.ExecuteScalarImplAsync[T](IDbConnection cnn, CommandDefinition command) in /_/Dapper/SqlMapper.Async.cs:line 1241
   at JuJuBis.Infrastructure.Repositories.UserRepository.InsertAsync(User user, CancellationToken ct) in E:\C# Programming(WindowForm)\SmartDms\src\SmartDms.Infrastructure\Repositories\UserRepository.cs:line 89
   at JuJuBis.Application.Abstractions.Auth.Commands.Register.RegisterHandler.Handle(RegisterCommand command, CancellationToken cancellationToken) in E:\C# Programming(WindowForm)\SmartDms\src\SmartDms.Application\Abstractions\Auth\Commands\Register\RegisterHandler.cs:line 58
   at JuJuBis.Api.Controllers.AuthController.Register(RegisterCommand command, CancellationToken cancellationToken) in E:\C# Programming(WindowForm)\SmartDms\src\SmartDms.Api\Controllers\AuthController.cs:line 28
   at Microsoft.AspNetCore.Mvc.Infrastructure.ActionMethodExecutor.TaskOfIActionResultExecutor.Execute(ActionContext actionContext, IActionResultTypeMapper mapper, ObjectMethodExecutor executor, Object controller, Object[] arguments)
   at Microsoft.AspNetCore.Mvc.Infrastructure.ControllerActionInvoker.<InvokeActionMethodAsync>g__Awaited|12_0(ControllerActionInvoker invoker, ValueTask`1 actionResultValueTask)
   at Microsoft.AspNetCore.Mvc.Infrastructure.ControllerActionInvoker.<InvokeNextActionFilterAsync>g__Awaited|10_0(ControllerActionInvoker invoker, Task lastTask, State next, Scope scope, Object state, Boolean isCompleted)
   at Microsoft.AspNetCore.Mvc.Infrastructure.ControllerActionInvoker.Rethrow(ActionExecutedContextSealed context)
   at Microsoft.AspNetCore.Mvc.Infrastructure.ControllerActionInvoker.Next(State& next, Scope& scope, Object& state, Boolean& isCompleted)
   at Microsoft.AspNetCore.Mvc.Infrastructure.ControllerActionInvoker.<InvokeInnerFilterAsync>g__Awaited|13_0(ControllerActionInvoker invoker, Task lastTask, State next, Scope scope, Object state, Boolean isCompleted)
   at Microsoft.AspNetCore.Mvc.Infrastructure.ResourceInvoker.<InvokeFilterPipelineAsync>g__Awaited|20_0(ResourceInvoker invoker, Task lastTask, State next, Scope scope, Object state, Boolean isCompleted)
   at Microsoft.AspNetCore.Mvc.Infrastructure.ResourceInvoker.<InvokeAsync>g__Logged|17_1(ResourceInvoker invoker)
   at Microsoft.AspNetCore.Mvc.Infrastructure.ResourceInvoker.<InvokeAsync>g__Logged|17_1(ResourceInvoker invoker)
   at Microsoft.AspNetCore.Routing.EndpointMiddleware.<Invoke>g__AwaitRequestTask|7_0(Endpoint endpoint, Task requestTask, ILogger logger)
   at Microsoft.AspNetCore.Authorization.AuthorizationMiddleware.Invoke(HttpContext context)
   at Microsoft.AspNetCore.Authentication.AuthenticationMiddleware.Invoke(HttpContext context)
   at Swashbuckle.AspNetCore.SwaggerUI.SwaggerUIMiddleware.Invoke(HttpContext httpContext)
   at Swashbuckle.AspNetCore.Swagger.SwaggerMiddleware.Invoke(HttpContext httpContext, ISwaggerProvider swaggerProvider)
   at Serilog.AspNetCore.RequestLoggingMiddleware.Invoke(HttpContext httpContext)
ClientConnectionId:a7f93a06-cce9-409f-9a15-7996ba418be4
Error Number:547,State:0,Class:16
2026-07-02 14:43:09.738 +07:00 [ERR] Unhandled exception
Microsoft.Data.SqlClient.SqlException (0x80131904): The INSERT statement conflicted with the FOREIGN KEY constraint "FK_Users_Outlet". The conflict occurred in database "DBJuJuBi", table "dbo.Outlet", column 'Id'.
The statement has been terminated.
   at Microsoft.Data.SqlClient.SqlConnection.OnError(SqlException exception, Boolean breakConnection, Action`1 wrapCloseInAction)
   at Microsoft.Data.SqlClient.SqlInternalConnection.OnError(SqlException exception, Boolean breakConnection, Action`1 wrapCloseInAction)
   at Microsoft.Data.SqlClient.TdsParser.ThrowExceptionAndWarning(TdsParserStateObject stateObj, SqlCommand command, Boolean callerHasConnectionLock, Boolean asyncClose)
   at Microsoft.Data.SqlClient.TdsParser.TryRun(RunBehavior runBehavior, SqlCommand cmdHandler, SqlDataReader dataStream, BulkCopySimpleResultSet bulkCopyHandler, TdsParserStateObject stateObj, Boolean& dataReady)
   at Microsoft.Data.SqlClient.SqlDataReader.TryConsumeMetaData()
   at Microsoft.Data.SqlClient.SqlDataReader.get_MetaData()
   at Microsoft.Data.SqlClient.SqlCommand.FinishExecuteReader(SqlDataReader ds, RunBehavior runBehavior, String resetOptionsString, Boolean isInternal, Boolean forDescribeParameterEncryption, Boolean shouldCacheForAlwaysEncrypted)
   at Microsoft.Data.SqlClient.SqlCommand.CompleteAsyncExecuteReader(Boolean isInternal, Boolean forDescribeParameterEncryption)
   at Microsoft.Data.SqlClient.SqlCommand.InternalEndExecuteReader(IAsyncResult asyncResult, Boolean isInternal, String endMethod)
   at Microsoft.Data.SqlClient.SqlCommand.EndExecuteReaderInternal(IAsyncResult asyncResult)
   at Microsoft.Data.SqlClient.SqlCommand.EndExecuteReaderAsync(IAsyncResult asyncResult)
   at Microsoft.Data.SqlClient.SqlCommand.<>c.<InternalExecuteReaderAsync>b__201_1(IAsyncResult asyncResult)
   at System.Threading.Tasks.TaskFactory`1.FromAsyncCoreLogic(IAsyncResult iar, Func`2 endFunction, Action`1 endAction, Task`1 promise, Boolean requiresSynchronization)
--- End of stack trace from previous location ---
   at Dapper.SqlMapper.ExecuteScalarImplAsync[T](IDbConnection cnn, CommandDefinition command) in /_/Dapper/SqlMapper.Async.cs:line 1241
   at JuJuBis.Infrastructure.Repositories.UserRepository.InsertAsync(User user, CancellationToken ct) in E:\C# Programming(WindowForm)\SmartDms\src\SmartDms.Infrastructure\Repositories\UserRepository.cs:line 89
   at JuJuBis.Application.Abstractions.Auth.Commands.Register.RegisterHandler.Handle(RegisterCommand command, CancellationToken cancellationToken) in E:\C# Programming(WindowForm)\SmartDms\src\SmartDms.Application\Abstractions\Auth\Commands\Register\RegisterHandler.cs:line 58
   at JuJuBis.Api.Controllers.AuthController.Register(RegisterCommand command, CancellationToken cancellationToken) in E:\C# Programming(WindowForm)\SmartDms\src\SmartDms.Api\Controllers\AuthController.cs:line 28
   at Microsoft.AspNetCore.Mvc.Infrastructure.ActionMethodExecutor.TaskOfIActionResultExecutor.Execute(ActionContext actionContext, IActionResultTypeMapper mapper, ObjectMethodExecutor executor, Object controller, Object[] arguments)
   at Microsoft.AspNetCore.Mvc.Infrastructure.ControllerActionInvoker.<InvokeActionMethodAsync>g__Awaited|12_0(ControllerActionInvoker invoker, ValueTask`1 actionResultValueTask)
   at Microsoft.AspNetCore.Mvc.Infrastructure.ControllerActionInvoker.<InvokeNextActionFilterAsync>g__Awaited|10_0(ControllerActionInvoker invoker, Task lastTask, State next, Scope scope, Object state, Boolean isCompleted)
   at Microsoft.AspNetCore.Mvc.Infrastructure.ControllerActionInvoker.Rethrow(ActionExecutedContextSealed context)
   at Microsoft.AspNetCore.Mvc.Infrastructure.ControllerActionInvoker.Next(State& next, Scope& scope, Object& state, Boolean& isCompleted)
   at Microsoft.AspNetCore.Mvc.Infrastructure.ControllerActionInvoker.<InvokeInnerFilterAsync>g__Awaited|13_0(ControllerActionInvoker invoker, Task lastTask, State next, Scope scope, Object state, Boolean isCompleted)
   at Microsoft.AspNetCore.Mvc.Infrastructure.ResourceInvoker.<InvokeFilterPipelineAsync>g__Awaited|20_0(ResourceInvoker invoker, Task lastTask, State next, Scope scope, Object state, Boolean isCompleted)
   at Microsoft.AspNetCore.Mvc.Infrastructure.ResourceInvoker.<InvokeAsync>g__Logged|17_1(ResourceInvoker invoker)
   at Microsoft.AspNetCore.Mvc.Infrastructure.ResourceInvoker.<InvokeAsync>g__Logged|17_1(ResourceInvoker invoker)
   at Microsoft.AspNetCore.Routing.EndpointMiddleware.<Invoke>g__AwaitRequestTask|7_0(Endpoint endpoint, Task requestTask, ILogger logger)
   at Microsoft.AspNetCore.Authorization.AuthorizationMiddleware.Invoke(HttpContext context)
   at Microsoft.AspNetCore.Authentication.AuthenticationMiddleware.Invoke(HttpContext context)
   at Swashbuckle.AspNetCore.SwaggerUI.SwaggerUIMiddleware.Invoke(HttpContext httpContext)
   at Swashbuckle.AspNetCore.Swagger.SwaggerMiddleware.Invoke(HttpContext httpContext, ISwaggerProvider swaggerProvider)
   at Serilog.AspNetCore.RequestLoggingMiddleware.Invoke(HttpContext httpContext)
   at JuJuBis.Api.Middleware.GlobalExceptionMiddleware.InvokeAsync(HttpContext context) in E:\C# Programming(WindowForm)\SmartDms\src\SmartDms.Api\Middleware\GlobalExceptionMiddleware.cs:line 21
ClientConnectionId:a7f93a06-cce9-409f-9a15-7996ba418be4
Error Number:547,State:0,Class:16
2026-07-02 14:43:09.780 +07:00 [INF] Request finished HTTP/1.1 POST http://localhost:5080/api/auth/register - 500 null application/json 632.7239ms
2026-07-02 14:43:56.081 +07:00 [INF] Request starting HTTP/1.1 POST http://localhost:5080/api/auth/register - application/json 270
2026-07-02 14:43:56.093 +07:00 [INF] CORS policy execution failed.
2026-07-02 14:43:56.105 +07:00 [INF] Request origin http://localhost:5080 does not have permission to access the resource.
2026-07-02 14:43:56.113 +07:00 [INF] Executing endpoint 'JuJuBis.Api.Controllers.AuthController.Register (JuJuBis.Api)'
2026-07-02 14:43:56.119 +07:00 [INF] Route matched with {action = "Register", controller = "Auth"}. Executing controller action with signature System.Threading.Tasks.Task`1[Microsoft.AspNetCore.Mvc.IActionResult] Register(JuJuBis.Application.Abstractions.Auth.Commands.Register.RegisterCommand, System.Threading.CancellationToken) on controller JuJuBis.Api.Controllers.AuthController (JuJuBis.Api).
2026-07-02 14:43:56.309 +07:00 [INF] Executed action JuJuBis.Api.Controllers.AuthController.Register (JuJuBis.Api) in 177.5293ms
2026-07-02 14:43:56.314 +07:00 [INF] Executed endpoint 'JuJuBis.Api.Controllers.AuthController.Register (JuJuBis.Api)'
2026-07-02 14:43:56.317 +07:00 [ERR] HTTP POST /api/auth/register responded 500 in 224.5647 ms
Microsoft.Data.SqlClient.SqlException (0x80131904): The INSERT statement conflicted with the FOREIGN KEY constraint "FK_Users_Outlet". The conflict occurred in database "DBJuJuBi", table "dbo.Outlet", column 'Id'.
The statement has been terminated.
   at Microsoft.Data.SqlClient.SqlConnection.OnError(SqlException exception, Boolean breakConnection, Action`1 wrapCloseInAction)
   at Microsoft.Data.SqlClient.SqlInternalConnection.OnError(SqlException exception, Boolean breakConnection, Action`1 wrapCloseInAction)
   at Microsoft.Data.SqlClient.TdsParser.ThrowExceptionAndWarning(TdsParserStateObject stateObj, SqlCommand command, Boolean callerHasConnectionLock, Boolean asyncClose)
   at Microsoft.Data.SqlClient.TdsParser.TryRun(RunBehavior runBehavior, SqlCommand cmdHandler, SqlDataReader dataStream, BulkCopySimpleResultSet bulkCopyHandler, TdsParserStateObject stateObj, Boolean& dataReady)
   at Microsoft.Data.SqlClient.SqlDataReader.TryConsumeMetaData()
   at Microsoft.Data.SqlClient.SqlDataReader.get_MetaData()
   at Microsoft.Data.SqlClient.SqlCommand.FinishExecuteReader(SqlDataReader ds, RunBehavior runBehavior, String resetOptionsString, Boolean isInternal, Boolean forDescribeParameterEncryption, Boolean shouldCacheForAlwaysEncrypted)
   at Microsoft.Data.SqlClient.SqlCommand.CompleteAsyncExecuteReader(Boolean isInternal, Boolean forDescribeParameterEncryption)
   at Microsoft.Data.SqlClient.SqlCommand.InternalEndExecuteReader(IAsyncResult asyncResult, Boolean isInternal, String endMethod)
   at Microsoft.Data.SqlClient.SqlCommand.EndExecuteReaderInternal(IAsyncResult asyncResult)
   at Microsoft.Data.SqlClient.SqlCommand.EndExecuteReaderAsync(IAsyncResult asyncResult)
   at Microsoft.Data.SqlClient.SqlCommand.<>c.<InternalExecuteReaderAsync>b__201_1(IAsyncResult asyncResult)
   at System.Threading.Tasks.TaskFactory`1.FromAsyncCoreLogic(IAsyncResult iar, Func`2 endFunction, Action`1 endAction, Task`1 promise, Boolean requiresSynchronization)
--- End of stack trace from previous location ---
   at Dapper.SqlMapper.ExecuteScalarImplAsync[T](IDbConnection cnn, CommandDefinition command) in /_/Dapper/SqlMapper.Async.cs:line 1241
   at JuJuBis.Infrastructure.Repositories.UserRepository.InsertAsync(User user, CancellationToken ct) in E:\C# Programming(WindowForm)\SmartDms\src\SmartDms.Infrastructure\Repositories\UserRepository.cs:line 89
   at JuJuBis.Application.Abstractions.Auth.Commands.Register.RegisterHandler.Handle(RegisterCommand command, CancellationToken cancellationToken) in E:\C# Programming(WindowForm)\SmartDms\src\SmartDms.Application\Abstractions\Auth\Commands\Register\RegisterHandler.cs:line 58
   at JuJuBis.Api.Controllers.AuthController.Register(RegisterCommand command, CancellationToken cancellationToken) in E:\C# Programming(WindowForm)\SmartDms\src\SmartDms.Api\Controllers\AuthController.cs:line 28
   at Microsoft.AspNetCore.Mvc.Infrastructure.ActionMethodExecutor.TaskOfIActionResultExecutor.Execute(ActionContext actionContext, IActionResultTypeMapper mapper, ObjectMethodExecutor executor, Object controller, Object[] arguments)
   at Microsoft.AspNetCore.Mvc.Infrastructure.ControllerActionInvoker.<InvokeActionMethodAsync>g__Awaited|12_0(ControllerActionInvoker invoker, ValueTask`1 actionResultValueTask)
   at Microsoft.AspNetCore.Mvc.Infrastructure.ControllerActionInvoker.<InvokeNextActionFilterAsync>g__Awaited|10_0(ControllerActionInvoker invoker, Task lastTask, State next, Scope scope, Object state, Boolean isCompleted)
   at Microsoft.AspNetCore.Mvc.Infrastructure.ControllerActionInvoker.Rethrow(ActionExecutedContextSealed context)
   at Microsoft.AspNetCore.Mvc.Infrastructure.ControllerActionInvoker.Next(State& next, Scope& scope, Object& state, Boolean& isCompleted)
   at Microsoft.AspNetCore.Mvc.Infrastructure.ControllerActionInvoker.<InvokeInnerFilterAsync>g__Awaited|13_0(ControllerActionInvoker invoker, Task lastTask, State next, Scope scope, Object state, Boolean isCompleted)
   at Microsoft.AspNetCore.Mvc.Infrastructure.ResourceInvoker.<InvokeFilterPipelineAsync>g__Awaited|20_0(ResourceInvoker invoker, Task lastTask, State next, Scope scope, Object state, Boolean isCompleted)
   at Microsoft.AspNetCore.Mvc.Infrastructure.ResourceInvoker.<InvokeAsync>g__Logged|17_1(ResourceInvoker invoker)
   at Microsoft.AspNetCore.Mvc.Infrastructure.ResourceInvoker.<InvokeAsync>g__Logged|17_1(ResourceInvoker invoker)
   at Microsoft.AspNetCore.Routing.EndpointMiddleware.<Invoke>g__AwaitRequestTask|7_0(Endpoint endpoint, Task requestTask, ILogger logger)
   at Microsoft.AspNetCore.Authorization.AuthorizationMiddleware.Invoke(HttpContext context)
   at Microsoft.AspNetCore.Authentication.AuthenticationMiddleware.Invoke(HttpContext context)
   at Swashbuckle.AspNetCore.SwaggerUI.SwaggerUIMiddleware.Invoke(HttpContext httpContext)
   at Swashbuckle.AspNetCore.Swagger.SwaggerMiddleware.Invoke(HttpContext httpContext, ISwaggerProvider swaggerProvider)
   at Serilog.AspNetCore.RequestLoggingMiddleware.Invoke(HttpContext httpContext)
ClientConnectionId:a7f93a06-cce9-409f-9a15-7996ba418be4
Error Number:547,State:0,Class:16
2026-07-02 14:43:56.355 +07:00 [ERR] Unhandled exception
Microsoft.Data.SqlClient.SqlException (0x80131904): The INSERT statement conflicted with the FOREIGN KEY constraint "FK_Users_Outlet". The conflict occurred in database "DBJuJuBi", table "dbo.Outlet", column 'Id'.
The statement has been terminated.
   at Microsoft.Data.SqlClient.SqlConnection.OnError(SqlException exception, Boolean breakConnection, Action`1 wrapCloseInAction)
   at Microsoft.Data.SqlClient.SqlInternalConnection.OnError(SqlException exception, Boolean breakConnection, Action`1 wrapCloseInAction)
   at Microsoft.Data.SqlClient.TdsParser.ThrowExceptionAndWarning(TdsParserStateObject stateObj, SqlCommand command, Boolean callerHasConnectionLock, Boolean asyncClose)
   at Microsoft.Data.SqlClient.TdsParser.TryRun(RunBehavior runBehavior, SqlCommand cmdHandler, SqlDataReader dataStream, BulkCopySimpleResultSet bulkCopyHandler, TdsParserStateObject stateObj, Boolean& dataReady)
   at Microsoft.Data.SqlClient.SqlDataReader.TryConsumeMetaData()
   at Microsoft.Data.SqlClient.SqlDataReader.get_MetaData()
   at Microsoft.Data.SqlClient.SqlCommand.FinishExecuteReader(SqlDataReader ds, RunBehavior runBehavior, String resetOptionsString, Boolean isInternal, Boolean forDescribeParameterEncryption, Boolean shouldCacheForAlwaysEncrypted)
   at Microsoft.Data.SqlClient.SqlCommand.CompleteAsyncExecuteReader(Boolean isInternal, Boolean forDescribeParameterEncryption)
   at Microsoft.Data.SqlClient.SqlCommand.InternalEndExecuteReader(IAsyncResult asyncResult, Boolean isInternal, String endMethod)
   at Microsoft.Data.SqlClient.SqlCommand.EndExecuteReaderInternal(IAsyncResult asyncResult)
   at Microsoft.Data.SqlClient.SqlCommand.EndExecuteReaderAsync(IAsyncResult asyncResult)
   at Microsoft.Data.SqlClient.SqlCommand.<>c.<InternalExecuteReaderAsync>b__201_1(IAsyncResult asyncResult)
   at System.Threading.Tasks.TaskFactory`1.FromAsyncCoreLogic(IAsyncResult iar, Func`2 endFunction, Action`1 endAction, Task`1 promise, Boolean requiresSynchronization)
--- End of stack trace from previous location ---
   at Dapper.SqlMapper.ExecuteScalarImplAsync[T](IDbConnection cnn, CommandDefinition command) in /_/Dapper/SqlMapper.Async.cs:line 1241
   at JuJuBis.Infrastructure.Repositories.UserRepository.InsertAsync(User user, CancellationToken ct) in E:\C# Programming(WindowForm)\SmartDms\src\SmartDms.Infrastructure\Repositories\UserRepository.cs:line 89
   at JuJuBis.Application.Abstractions.Auth.Commands.Register.RegisterHandler.Handle(RegisterCommand command, CancellationToken cancellationToken) in E:\C# Programming(WindowForm)\SmartDms\src\SmartDms.Application\Abstractions\Auth\Commands\Register\RegisterHandler.cs:line 58
   at JuJuBis.Api.Controllers.AuthController.Register(RegisterCommand command, CancellationToken cancellationToken) in E:\C# Programming(WindowForm)\SmartDms\src\SmartDms.Api\Controllers\AuthController.cs:line 28
   at Microsoft.AspNetCore.Mvc.Infrastructure.ActionMethodExecutor.TaskOfIActionResultExecutor.Execute(ActionContext actionContext, IActionResultTypeMapper mapper, ObjectMethodExecutor executor, Object controller, Object[] arguments)
   at Microsoft.AspNetCore.Mvc.Infrastructure.ControllerActionInvoker.<InvokeActionMethodAsync>g__Awaited|12_0(ControllerActionInvoker invoker, ValueTask`1 actionResultValueTask)
   at Microsoft.AspNetCore.Mvc.Infrastructure.ControllerActionInvoker.<InvokeNextActionFilterAsync>g__Awaited|10_0(ControllerActionInvoker invoker, Task lastTask, State next, Scope scope, Object state, Boolean isCompleted)
   at Microsoft.AspNetCore.Mvc.Infrastructure.ControllerActionInvoker.Rethrow(ActionExecutedContextSealed context)
   at Microsoft.AspNetCore.Mvc.Infrastructure.ControllerActionInvoker.Next(State& next, Scope& scope, Object& state, Boolean& isCompleted)
   at Microsoft.AspNetCore.Mvc.Infrastructure.ControllerActionInvoker.<InvokeInnerFilterAsync>g__Awaited|13_0(ControllerActionInvoker invoker, Task lastTask, State next, Scope scope, Object state, Boolean isCompleted)
   at Microsoft.AspNetCore.Mvc.Infrastructure.ResourceInvoker.<InvokeFilterPipelineAsync>g__Awaited|20_0(ResourceInvoker invoker, Task lastTask, State next, Scope scope, Object state, Boolean isCompleted)
   at Microsoft.AspNetCore.Mvc.Infrastructure.ResourceInvoker.<InvokeAsync>g__Logged|17_1(ResourceInvoker invoker)
   at Microsoft.AspNetCore.Mvc.Infrastructure.ResourceInvoker.<InvokeAsync>g__Logged|17_1(ResourceInvoker invoker)
   at Microsoft.AspNetCore.Routing.EndpointMiddleware.<Invoke>g__AwaitRequestTask|7_0(Endpoint endpoint, Task requestTask, ILogger logger)
   at Microsoft.AspNetCore.Authorization.AuthorizationMiddleware.Invoke(HttpContext context)
   at Microsoft.AspNetCore.Authentication.AuthenticationMiddleware.Invoke(HttpContext context)
   at Swashbuckle.AspNetCore.SwaggerUI.SwaggerUIMiddleware.Invoke(HttpContext httpContext)
   at Swashbuckle.AspNetCore.Swagger.SwaggerMiddleware.Invoke(HttpContext httpContext, ISwaggerProvider swaggerProvider)
   at Serilog.AspNetCore.RequestLoggingMiddleware.Invoke(HttpContext httpContext)
   at JuJuBis.Api.Middleware.GlobalExceptionMiddleware.InvokeAsync(HttpContext context) in E:\C# Programming(WindowForm)\SmartDms\src\SmartDms.Api\Middleware\GlobalExceptionMiddleware.cs:line 21
ClientConnectionId:a7f93a06-cce9-409f-9a15-7996ba418be4
Error Number:547,State:0,Class:16
2026-07-02 14:43:56.391 +07:00 [INF] Request finished HTTP/1.1 POST http://localhost:5080/api/auth/register - 500 null application/json 310.0363ms
2026-07-02 14:44:07.575 +07:00 [INF] Request starting HTTP/1.1 POST http://localhost:5080/api/auth/register - application/json 273
2026-07-02 14:44:07.583 +07:00 [INF] CORS policy execution failed.
2026-07-02 14:44:07.595 +07:00 [INF] Request origin http://localhost:5080 does not have permission to access the resource.
2026-07-02 14:44:07.599 +07:00 [INF] Executing endpoint 'JuJuBis.Api.Controllers.AuthController.Register (JuJuBis.Api)'
2026-07-02 14:44:07.606 +07:00 [INF] Route matched with {action = "Register", controller = "Auth"}. Executing controller action with signature System.Threading.Tasks.Task`1[Microsoft.AspNetCore.Mvc.IActionResult] Register(JuJuBis.Application.Abstractions.Auth.Commands.Register.RegisterCommand, System.Threading.CancellationToken) on controller JuJuBis.Api.Controllers.AuthController (JuJuBis.Api).
2026-07-02 14:44:07.766 +07:00 [INF] Executing OkObjectResult, writing value of type '<>f__AnonymousType1`2[[System.Int32, System.Private.CoreLib, Version=8.0.0.0, Culture=neutral, PublicKeyToken=7cec85d7bea7798e],[System.String, System.Private.CoreLib, Version=8.0.0.0, Culture=neutral, PublicKeyToken=7cec85d7bea7798e]]'.
2026-07-02 14:44:07.772 +07:00 [INF] Executed action JuJuBis.Api.Controllers.AuthController.Register (JuJuBis.Api) in 155.6531ms
2026-07-02 14:44:07.776 +07:00 [INF] Executed endpoint 'JuJuBis.Api.Controllers.AuthController.Register (JuJuBis.Api)'
2026-07-02 14:44:07.780 +07:00 [INF] HTTP POST /api/auth/register responded 200 in 196.6291 ms
2026-07-02 14:44:07.783 +07:00 [INF] Request finished HTTP/1.1 POST http://localhost:5080/api/auth/register - 200 null application/json; charset=utf-8 208.3367ms
2026-07-02 14:44:22.788 +07:00 [INF] Request starting HTTP/1.1 POST http://localhost:5080/api/auth/login - application/json 50
2026-07-02 14:44:22.798 +07:00 [INF] CORS policy execution failed.
2026-07-02 14:44:22.806 +07:00 [INF] Request origin http://localhost:5080 does not have permission to access the resource.
2026-07-02 14:44:22.812 +07:00 [INF] Executing endpoint 'JuJuBis.Api.Controllers.AuthController.Login (JuJuBis.Api)'
2026-07-02 14:44:22.815 +07:00 [INF] Route matched with {action = "Login", controller = "Auth"}. Executing controller action with signature System.Threading.Tasks.Task`1[Microsoft.AspNetCore.Mvc.IActionResult] Login(JuJuBis.Application.Features.Auth.Commands.Login.LoginCommand, System.Threading.CancellationToken) on controller JuJuBis.Api.Controllers.AuthController (JuJuBis.Api).
2026-07-02 14:44:23.540 +07:00 [INF] Executing OkObjectResult, writing value of type 'JuJuBis.Application.Features.Auth.Commands.Login.LoginResponse'.
2026-07-02 14:44:23.545 +07:00 [INF] Executed action JuJuBis.Api.Controllers.AuthController.Login (JuJuBis.Api) in 725.2332ms
2026-07-02 14:44:23.549 +07:00 [INF] Executed endpoint 'JuJuBis.Api.Controllers.AuthController.Login (JuJuBis.Api)'
2026-07-02 14:44:23.552 +07:00 [INF] HTTP POST /api/auth/login responded 200 in 754.1248 ms
2026-07-02 14:44:23.558 +07:00 [INF] Request finished HTTP/1.1 POST http://localhost:5080/api/auth/login - 200 null application/json; charset=utf-8 770.1495ms
2026-07-02 14:53:24.520 +07:00 [INF] User profile is available. Using 'C:\Users\HQ\AppData\Local\ASP.NET\DataProtection-Keys' as key repository and Windows DPAPI to encrypt keys at rest.
2026-07-02 14:53:24.633 +07:00 [INF] Now listening on: http://localhost:5080
2026-07-02 14:53:24.673 +07:00 [INF] Application started. Press Ctrl+C to shut down.
2026-07-02 14:53:24.676 +07:00 [INF] Hosting environment: Development
2026-07-02 14:53:24.677 +07:00 [INF] Content root path: E:\C# Programming(WindowForm)\SmartDms\src\SmartDms.Api
2026-07-02 14:53:30.139 +07:00 [INF] Request starting HTTP/1.1 GET http://localhost:5080/swagger/index.html - null null
2026-07-02 14:53:30.279 +07:00 [INF] HTTP GET /swagger/index.html responded 200 in 60.8485 ms
2026-07-02 14:53:30.293 +07:00 [INF] Request finished HTTP/1.1 GET http://localhost:5080/swagger/index.html - 200 null text/html;charset=utf-8 154.6563ms
2026-07-02 14:53:30.327 +07:00 [INF] Request starting HTTP/1.1 GET http://localhost:5080/_framework/aspnetcore-browser-refresh.js - null null
2026-07-02 14:53:30.327 +07:00 [INF] Request starting HTTP/1.1 GET http://localhost:5080/swagger/index.js - null null
2026-07-02 14:53:30.330 +07:00 [INF] Request starting HTTP/1.1 GET http://localhost:5080/_vs/browserLink - null null
2026-07-02 14:53:30.337 +07:00 [INF] Request finished HTTP/1.1 GET http://localhost:5080/_framework/aspnetcore-browser-refresh.js - 200 13758 application/javascript; charset=utf-8 10.668ms
2026-07-02 14:53:30.343 +07:00 [INF] HTTP GET /swagger/index.js responded 200 in 1.9369 ms
2026-07-02 14:53:30.360 +07:00 [INF] Request finished HTTP/1.1 GET http://localhost:5080/swagger/index.js - 200 null application/javascript;charset=utf-8 33.458ms
2026-07-02 14:53:30.374 +07:00 [INF] Request finished HTTP/1.1 GET http://localhost:5080/_vs/browserLink - 200 null text/javascript; charset=UTF-8 44.1128ms
2026-07-02 14:53:30.427 +07:00 [INF] Request starting HTTP/1.1 GET http://localhost:5080/swagger/v1/swagger.json - null null
2026-07-02 14:53:30.443 +07:00 [INF] HTTP GET /swagger/v1/swagger.json responded 200 in 11.4015 ms
2026-07-02 14:53:30.447 +07:00 [INF] Request finished HTTP/1.1 GET http://localhost:5080/swagger/v1/swagger.json - 200 null application/json;charset=utf-8 20.0205ms
2026-07-02 14:54:01.506 +07:00 [INF] Request starting HTTP/1.1 POST http://localhost:5080/api/category - application/json 168
2026-07-02 14:54:01.521 +07:00 [INF] CORS policy execution failed.
2026-07-02 14:54:01.523 +07:00 [INF] Request origin http://localhost:5080 does not have permission to access the resource.
2026-07-02 14:54:01.545 +07:00 [INF] Executing endpoint 'JuJuBis.Api.Controllers.CategoryController.Create (JuJuBis.Api)'
2026-07-02 14:54:01.564 +07:00 [INF] Route matched with {action = "Create", controller = "Category"}. Executing controller action with signature System.Threading.Tasks.Task`1[Microsoft.AspNetCore.Mvc.IActionResult] Create(JuJuBis.Application.Features.Category.Commands.CreateCategory.CreateCategoryCommand, System.Threading.CancellationToken) on controller JuJuBis.Api.Controllers.CategoryController (JuJuBis.Api).
2026-07-02 14:54:01.880 +07:00 [INF] Executing OkObjectResult, writing value of type 'System.Int32'.
2026-07-02 14:54:01.889 +07:00 [INF] Executed action JuJuBis.Api.Controllers.CategoryController.Create (JuJuBis.Api) in 314.9121ms
2026-07-02 14:54:01.892 +07:00 [INF] Executed endpoint 'JuJuBis.Api.Controllers.CategoryController.Create (JuJuBis.Api)'
2026-07-02 14:54:01.896 +07:00 [INF] HTTP POST /api/category responded 200 in 378.9242 ms
2026-07-02 14:54:01.900 +07:00 [INF] Request finished HTTP/1.1 POST http://localhost:5080/api/category - 200 null application/json; charset=utf-8 393.9145ms
2026-07-02 15:07:25.191 +07:00 [INF] User profile is available. Using 'C:\Users\HQ\AppData\Local\ASP.NET\DataProtection-Keys' as key repository and Windows DPAPI to encrypt keys at rest.
2026-07-02 15:07:25.279 +07:00 [INF] Now listening on: http://localhost:5080
2026-07-02 15:07:25.316 +07:00 [INF] Application started. Press Ctrl+C to shut down.
2026-07-02 15:07:25.319 +07:00 [INF] Hosting environment: Development
2026-07-02 15:07:25.320 +07:00 [INF] Content root path: E:\C# Programming(WindowForm)\SmartDms\src\SmartDms.Api
2026-07-02 15:07:25.774 +07:00 [INF] Request starting HTTP/1.1 GET http://localhost:5080/swagger/index.html - null null
2026-07-02 15:07:25.895 +07:00 [INF] HTTP GET /swagger/index.html responded 200 in 48.2302 ms
2026-07-02 15:07:25.908 +07:00 [INF] Request finished HTTP/1.1 GET http://localhost:5080/swagger/index.html - 200 null text/html;charset=utf-8 133.4921ms
2026-07-02 15:07:25.930 +07:00 [INF] Request starting HTTP/1.1 GET http://localhost:5080/swagger/index.js - null null
2026-07-02 15:07:25.937 +07:00 [INF] Request starting HTTP/1.1 GET http://localhost:5080/_framework/aspnetcore-browser-refresh.js - null null
2026-07-02 15:07:25.940 +07:00 [INF] HTTP GET /swagger/index.js responded 200 in 0.9149 ms
2026-07-02 15:07:25.945 +07:00 [INF] Request finished HTTP/1.1 GET http://localhost:5080/_framework/aspnetcore-browser-refresh.js - 200 13758 application/javascript; charset=utf-8 7.5824ms
2026-07-02 15:07:25.948 +07:00 [INF] Request finished HTTP/1.1 GET http://localhost:5080/swagger/index.js - 200 null application/javascript;charset=utf-8 18.6203ms
2026-07-02 15:07:25.960 +07:00 [INF] Request starting HTTP/1.1 GET http://localhost:5080/_vs/browserLink - null null
2026-07-02 15:07:25.984 +07:00 [INF] Request finished HTTP/1.1 GET http://localhost:5080/_vs/browserLink - 200 null text/javascript; charset=UTF-8 23.695ms
2026-07-02 15:07:26.030 +07:00 [INF] Request starting HTTP/1.1 GET http://localhost:5080/swagger/v1/swagger.json - null null
2026-07-02 15:07:26.045 +07:00 [INF] HTTP GET /swagger/v1/swagger.json responded 200 in 9.9104 ms
2026-07-02 15:07:26.049 +07:00 [INF] Request finished HTTP/1.1 GET http://localhost:5080/swagger/v1/swagger.json - 200 null application/json;charset=utf-8 19.3151ms
2026-07-02 15:17:16.920 +07:00 [INF] User profile is available. Using 'C:\Users\HQ\AppData\Local\ASP.NET\DataProtection-Keys' as key repository and Windows DPAPI to encrypt keys at rest.
2026-07-02 15:17:17.012 +07:00 [INF] Now listening on: http://localhost:5080
2026-07-02 15:17:17.051 +07:00 [INF] Application started. Press Ctrl+C to shut down.
2026-07-02 15:17:17.054 +07:00 [INF] Hosting environment: Development
2026-07-02 15:17:17.056 +07:00 [INF] Content root path: E:\C# Programming(WindowForm)\SmartDms\src\SmartDms.Api
2026-07-02 15:17:17.535 +07:00 [INF] Request starting HTTP/1.1 GET http://localhost:5080/swagger/index.html - null null
2026-07-02 15:17:17.651 +07:00 [INF] HTTP GET /swagger/index.html responded 200 in 48.3366 ms
2026-07-02 15:17:17.663 +07:00 [INF] Request finished HTTP/1.1 GET http://localhost:5080/swagger/index.html - 200 null text/html;charset=utf-8 127.5349ms
2026-07-02 15:17:17.688 +07:00 [INF] Request starting HTTP/1.1 GET http://localhost:5080/swagger/index.js - null null
2026-07-02 15:17:17.694 +07:00 [INF] Request starting HTTP/1.1 GET http://localhost:5080/_framework/aspnetcore-browser-refresh.js - null null
2026-07-02 15:17:17.696 +07:00 [INF] HTTP GET /swagger/index.js responded 200 in 1.3160 ms
2026-07-02 15:17:17.700 +07:00 [INF] Request finished HTTP/1.1 GET http://localhost:5080/_framework/aspnetcore-browser-refresh.js - 200 13758 application/javascript; charset=utf-8 6.4457ms
2026-07-02 15:17:17.704 +07:00 [INF] Request finished HTTP/1.1 GET http://localhost:5080/swagger/index.js - 200 null application/javascript;charset=utf-8 16.8291ms
2026-07-02 15:17:17.716 +07:00 [INF] Request starting HTTP/1.1 GET http://localhost:5080/_vs/browserLink - null null
2026-07-02 15:17:17.741 +07:00 [INF] Request finished HTTP/1.1 GET http://localhost:5080/_vs/browserLink - 200 null text/javascript; charset=UTF-8 25.3564ms
2026-07-02 15:17:17.788 +07:00 [INF] Request starting HTTP/1.1 GET http://localhost:5080/swagger/v1/swagger.json - null null
2026-07-02 15:17:17.804 +07:00 [INF] HTTP GET /swagger/v1/swagger.json responded 200 in 10.1151 ms
2026-07-02 15:17:17.809 +07:00 [INF] Request finished HTTP/1.1 GET http://localhost:5080/swagger/v1/swagger.json - 200 null application/json;charset=utf-8 20.2424ms
2026-07-02 15:17:30.420 +07:00 [INF] Request starting HTTP/1.1 GET http://localhost:5080/api/Category - null null
2026-07-02 15:17:30.450 +07:00 [INF] Executing endpoint 'JuJuBis.Api.Controllers.CategoryController.GetAll (JuJuBis.Api)'
2026-07-02 15:17:30.480 +07:00 [INF] Route matched with {action = "GetAll", controller = "Category"}. Executing controller action with signature System.Threading.Tasks.Task`1[Microsoft.AspNetCore.Mvc.IActionResult] GetAll(System.Threading.CancellationToken) on controller JuJuBis.Api.Controllers.CategoryController (JuJuBis.Api).
2026-07-02 15:17:30.778 +07:00 [INF] Executing OkObjectResult, writing value of type 'System.Collections.Generic.List`1[[JuJuBis.Domain.Entities.Category, JuJuBis.Domain, Version=1.0.0.0, Culture=neutral, PublicKeyToken=null]]'.
2026-07-02 15:17:30.794 +07:00 [INF] Executed action JuJuBis.Api.Controllers.CategoryController.GetAll (JuJuBis.Api) in 303.8777ms
2026-07-02 15:17:30.798 +07:00 [INF] Executed endpoint 'JuJuBis.Api.Controllers.CategoryController.GetAll (JuJuBis.Api)'
2026-07-02 15:17:30.800 +07:00 [INF] HTTP GET /api/Category responded 200 in 368.6128 ms
2026-07-02 15:17:30.805 +07:00 [INF] Request finished HTTP/1.1 GET http://localhost:5080/api/Category - 200 null application/json; charset=utf-8 385.3973ms
2026-07-02 16:35:42.435 +07:00 [FTL] JuJuBis API terminated unexpectedly
System.AggregateException: Some services are not able to be constructed (Error while validating the service descriptor 'ServiceType: JuJuBis.Application.Abstractions.Messaging.IQueryHandler`2[JuJuBi.Application.Features.Currencies.Queries.GetCurrencyById.GetCurrencyByIdQuery,JuJuBi.Application.Features.Currencies.Queries.GetCurrencies.CurrencyDto] Lifetime: Scoped ImplementationType: JuJuBi.Application.Features.Currencies.Queries.GetCurrencyById.GetCurrencyByIdHandler': Unable to resolve service for type 'JuJuBi.Application.Abstractions.Data.ICurrencyRepository' while attempting to activate 'JuJuBi.Application.Features.Currencies.Queries.GetCurrencyById.GetCurrencyByIdHandler'.) (Error while validating the service descriptor 'ServiceType: JuJuBis.Application.Abstractions.Messaging.IQueryHandler`2[JuJuBi.Application.Features.Currencies.Queries.GetCurrencies.GetCurrenciesQuery,JuJuBis.Shared.Results.PagedResult`1[JuJuBi.Application.Features.Currencies.Queries.GetCurrencies.CurrencyDto]] Lifetime: Scoped ImplementationType: JuJuBi.Application.Features.Currencies.Queries.GetCurrencies.GetCurrenciesHandler': Unable to resolve service for type 'JuJuBi.Application.Abstractions.Data.ICurrencyRepository' while attempting to activate 'JuJuBi.Application.Features.Currencies.Queries.GetCurrencies.GetCurrenciesHandler'.) (Error while validating the service descriptor 'ServiceType: JuJuBis.Application.Abstractions.Messaging.ICommandHandler`2[JuJuBi.Application.Features.Currencies.Commands.UpdateCurrency.UpdateCurrencyCommand,JuJuBis.Shared.Results.Result] Lifetime: Scoped ImplementationType: JuJuBi.Application.Features.Currencies.Commands.UpdateCurrency.UpdateCurrencyHandler': Unable to resolve service for type 'JuJuBi.Application.Abstractions.Data.ICurrencyRepository' while attempting to activate 'JuJuBi.Application.Features.Currencies.Commands.UpdateCurrency.UpdateCurrencyHandler'.) (Error while validating the service descriptor 'ServiceType: JuJuBis.Application.Abstractions.Messaging.ICommandHandler`2[JuJuBi.Application.Features.Currencies.Commands.DeleteCurrency.DeleteCurrencyCommand,JuJuBis.Shared.Results.Result] Lifetime: Scoped ImplementationType: JuJuBi.Application.Features.Currencies.Commands.DeleteCurrency.DeleteCurrencyHandler': Unable to resolve service for type 'JuJuBi.Application.Abstractions.Data.ICurrencyRepository' while attempting to activate 'JuJuBi.Application.Features.Currencies.Commands.DeleteCurrency.DeleteCurrencyHandler'.) (Error while validating the service descriptor 'ServiceType: JuJuBis.Application.Abstractions.Messaging.ICommandHandler`2[JuJuBi.Application.Features.Currencies.Commands.CreateCurrency.CreateCurrencyCommand,JuJuBis.Shared.Results.Result`1[System.Int32]] Lifetime: Scoped ImplementationType: JuJuBi.Application.Features.Currencies.Commands.CreateCurrency.CreateCurrencyHandler': Unable to resolve service for type 'JuJuBi.Application.Abstractions.Data.ICurrencyRepository' while attempting to activate 'JuJuBi.Application.Features.Currencies.Commands.CreateCurrency.CreateCurrencyHandler'.)
 ---> System.InvalidOperationException: Error while validating the service descriptor 'ServiceType: JuJuBis.Application.Abstractions.Messaging.IQueryHandler`2[JuJuBi.Application.Features.Currencies.Queries.GetCurrencyById.GetCurrencyByIdQuery,JuJuBi.Application.Features.Currencies.Queries.GetCurrencies.CurrencyDto] Lifetime: Scoped ImplementationType: JuJuBi.Application.Features.Currencies.Queries.GetCurrencyById.GetCurrencyByIdHandler': Unable to resolve service for type 'JuJuBi.Application.Abstractions.Data.ICurrencyRepository' while attempting to activate 'JuJuBi.Application.Features.Currencies.Queries.GetCurrencyById.GetCurrencyByIdHandler'.
 ---> System.InvalidOperationException: Unable to resolve service for type 'JuJuBi.Application.Abstractions.Data.ICurrencyRepository' while attempting to activate 'JuJuBi.Application.Features.Currencies.Queries.GetCurrencyById.GetCurrencyByIdHandler'.
   at Microsoft.Extensions.DependencyInjection.ServiceLookup.CallSiteFactory.CreateArgumentCallSites(ServiceIdentifier serviceIdentifier, Type implementationType, CallSiteChain callSiteChain, ParameterInfo[] parameters, Boolean throwIfCallSiteNotFound)
   at Microsoft.Extensions.DependencyInjection.ServiceLookup.CallSiteFactory.CreateConstructorCallSite(ResultCache lifetime, ServiceIdentifier serviceIdentifier, Type implementationType, CallSiteChain callSiteChain)
   at Microsoft.Extensions.DependencyInjection.ServiceLookup.CallSiteFactory.TryCreateExact(ServiceDescriptor descriptor, ServiceIdentifier serviceIdentifier, CallSiteChain callSiteChain, Int32 slot)
   at Microsoft.Extensions.DependencyInjection.ServiceLookup.CallSiteFactory.GetCallSite(ServiceDescriptor serviceDescriptor, CallSiteChain callSiteChain)
   at Microsoft.Extensions.DependencyInjection.ServiceProvider.ValidateService(ServiceDescriptor descriptor)
   --- End of inner exception stack trace ---
   at Microsoft.Extensions.DependencyInjection.ServiceProvider.ValidateService(ServiceDescriptor descriptor)
   at Microsoft.Extensions.DependencyInjection.ServiceProvider..ctor(ICollection`1 serviceDescriptors, ServiceProviderOptions options)
   --- End of inner exception stack trace ---
   at Microsoft.Extensions.DependencyInjection.ServiceProvider..ctor(ICollection`1 serviceDescriptors, ServiceProviderOptions options)
   at Microsoft.Extensions.DependencyInjection.ServiceCollectionContainerBuilderExtensions.BuildServiceProvider(IServiceCollection services, ServiceProviderOptions options)
   at Microsoft.Extensions.Hosting.HostApplicationBuilder.Build()
   at Microsoft.AspNetCore.Builder.WebApplicationBuilder.Build()
   at Program.<Main>$(String[] args) in E:\C# Programming(WindowForm)\SmartDms\src\SmartDms.Api\Program.cs:line 80
 ---> (Inner Exception #1) System.InvalidOperationException: Error while validating the service descriptor 'ServiceType: JuJuBis.Application.Abstractions.Messaging.IQueryHandler`2[JuJuBi.Application.Features.Currencies.Queries.GetCurrencies.GetCurrenciesQuery,JuJuBis.Shared.Results.PagedResult`1[JuJuBi.Application.Features.Currencies.Queries.GetCurrencies.CurrencyDto]] Lifetime: Scoped ImplementationType: JuJuBi.Application.Features.Currencies.Queries.GetCurrencies.GetCurrenciesHandler': Unable to resolve service for type 'JuJuBi.Application.Abstractions.Data.ICurrencyRepository' while attempting to activate 'JuJuBi.Application.Features.Currencies.Queries.GetCurrencies.GetCurrenciesHandler'.
 ---> System.InvalidOperationException: Unable to resolve service for type 'JuJuBi.Application.Abstractions.Data.ICurrencyRepository' while attempting to activate 'JuJuBi.Application.Features.Currencies.Queries.GetCurrencies.GetCurrenciesHandler'.
   at Microsoft.Extensions.DependencyInjection.ServiceLookup.CallSiteFactory.CreateArgumentCallSites(ServiceIdentifier serviceIdentifier, Type implementationType, CallSiteChain callSiteChain, ParameterInfo[] parameters, Boolean throwIfCallSiteNotFound)
   at Microsoft.Extensions.DependencyInjection.ServiceLookup.CallSiteFactory.CreateConstructorCallSite(ResultCache lifetime, ServiceIdentifier serviceIdentifier, Type implementationType, CallSiteChain callSiteChain)
   at Microsoft.Extensions.DependencyInjection.ServiceLookup.CallSiteFactory.TryCreateExact(ServiceDescriptor descriptor, ServiceIdentifier serviceIdentifier, CallSiteChain callSiteChain, Int32 slot)
   at Microsoft.Extensions.DependencyInjection.ServiceLookup.CallSiteFactory.GetCallSite(ServiceDescriptor serviceDescriptor, CallSiteChain callSiteChain)
   at Microsoft.Extensions.DependencyInjection.ServiceProvider.ValidateService(ServiceDescriptor descriptor)
   --- End of inner exception stack trace ---
   at Microsoft.Extensions.DependencyInjection.ServiceProvider.ValidateService(ServiceDescriptor descriptor)
   at Microsoft.Extensions.DependencyInjection.ServiceProvider..ctor(ICollection`1 serviceDescriptors, ServiceProviderOptions options)<---

 ---> (Inner Exception #2) System.InvalidOperationException: Error while validating the service descriptor 'ServiceType: JuJuBis.Application.Abstractions.Messaging.ICommandHandler`2[JuJuBi.Application.Features.Currencies.Commands.UpdateCurrency.UpdateCurrencyCommand,JuJuBis.Shared.Results.Result] Lifetime: Scoped ImplementationType: JuJuBi.Application.Features.Currencies.Commands.UpdateCurrency.UpdateCurrencyHandler': Unable to resolve service for type 'JuJuBi.Application.Abstractions.Data.ICurrencyRepository' while attempting to activate 'JuJuBi.Application.Features.Currencies.Commands.UpdateCurrency.UpdateCurrencyHandler'.
 ---> System.InvalidOperationException: Unable to resolve service for type 'JuJuBi.Application.Abstractions.Data.ICurrencyRepository' while attempting to activate 'JuJuBi.Application.Features.Currencies.Commands.UpdateCurrency.UpdateCurrencyHandler'.
   at Microsoft.Extensions.DependencyInjection.ServiceLookup.CallSiteFactory.CreateArgumentCallSites(ServiceIdentifier serviceIdentifier, Type implementationType, CallSiteChain callSiteChain, ParameterInfo[] parameters, Boolean throwIfCallSiteNotFound)
   at Microsoft.Extensions.DependencyInjection.ServiceLookup.CallSiteFactory.CreateConstructorCallSite(ResultCache lifetime, ServiceIdentifier serviceIdentifier, Type implementationType, CallSiteChain callSiteChain)
   at Microsoft.Extensions.DependencyInjection.ServiceLookup.CallSiteFactory.TryCreateExact(ServiceDescriptor descriptor, ServiceIdentifier serviceIdentifier, CallSiteChain callSiteChain, Int32 slot)
   at Microsoft.Extensions.DependencyInjection.ServiceLookup.CallSiteFactory.GetCallSite(ServiceDescriptor serviceDescriptor, CallSiteChain callSiteChain)
   at Microsoft.Extensions.DependencyInjection.ServiceProvider.ValidateService(ServiceDescriptor descriptor)
   --- End of inner exception stack trace ---
   at Microsoft.Extensions.DependencyInjection.ServiceProvider.ValidateService(ServiceDescriptor descriptor)
   at Microsoft.Extensions.DependencyInjection.ServiceProvider..ctor(ICollection`1 serviceDescriptors, ServiceProviderOptions options)<---

 ---> (Inner Exception #3) System.InvalidOperationException: Error while validating the service descriptor 'ServiceType: JuJuBis.Application.Abstractions.Messaging.ICommandHandler`2[JuJuBi.Application.Features.Currencies.Commands.DeleteCurrency.DeleteCurrencyCommand,JuJuBis.Shared.Results.Result] Lifetime: Scoped ImplementationType: JuJuBi.Application.Features.Currencies.Commands.DeleteCurrency.DeleteCurrencyHandler': Unable to resolve service for type 'JuJuBi.Application.Abstractions.Data.ICurrencyRepository' while attempting to activate 'JuJuBi.Application.Features.Currencies.Commands.DeleteCurrency.DeleteCurrencyHandler'.
 ---> System.InvalidOperationException: Unable to resolve service for type 'JuJuBi.Application.Abstractions.Data.ICurrencyRepository' while attempting to activate 'JuJuBi.Application.Features.Currencies.Commands.DeleteCurrency.DeleteCurrencyHandler'.
   at Microsoft.Extensions.DependencyInjection.ServiceLookup.CallSiteFactory.CreateArgumentCallSites(ServiceIdentifier serviceIdentifier, Type implementationType, CallSiteChain callSiteChain, ParameterInfo[] parameters, Boolean throwIfCallSiteNotFound)
   at Microsoft.Extensions.DependencyInjection.ServiceLookup.CallSiteFactory.CreateConstructorCallSite(ResultCache lifetime, ServiceIdentifier serviceIdentifier, Type implementationType, CallSiteChain callSiteChain)
   at Microsoft.Extensions.DependencyInjection.ServiceLookup.CallSiteFactory.TryCreateExact(ServiceDescriptor descriptor, ServiceIdentifier serviceIdentifier, CallSiteChain callSiteChain, Int32 slot)
   at Microsoft.Extensions.DependencyInjection.ServiceLookup.CallSiteFactory.GetCallSite(ServiceDescriptor serviceDescriptor, CallSiteChain callSiteChain)
   at Microsoft.Extensions.DependencyInjection.ServiceProvider.ValidateService(ServiceDescriptor descriptor)
   --- End of inner exception stack trace ---
   at Microsoft.Extensions.DependencyInjection.ServiceProvider.ValidateService(ServiceDescriptor descriptor)
   at Microsoft.Extensions.DependencyInjection.ServiceProvider..ctor(ICollection`1 serviceDescriptors, ServiceProviderOptions options)<---

 ---> (Inner Exception #4) System.InvalidOperationException: Error while validating the service descriptor 'ServiceType: JuJuBis.Application.Abstractions.Messaging.ICommandHandler`2[JuJuBi.Application.Features.Currencies.Commands.CreateCurrency.CreateCurrencyCommand,JuJuBis.Shared.Results.Result`1[System.Int32]] Lifetime: Scoped ImplementationType: JuJuBi.Application.Features.Currencies.Commands.CreateCurrency.CreateCurrencyHandler': Unable to resolve service for type 'JuJuBi.Application.Abstractions.Data.ICurrencyRepository' while attempting to activate 'JuJuBi.Application.Features.Currencies.Commands.CreateCurrency.CreateCurrencyHandler'.
 ---> System.InvalidOperationException: Unable to resolve service for type 'JuJuBi.Application.Abstractions.Data.ICurrencyRepository' while attempting to activate 'JuJuBi.Application.Features.Currencies.Commands.CreateCurrency.CreateCurrencyHandler'.
   at Microsoft.Extensions.DependencyInjection.ServiceLookup.CallSiteFactory.CreateArgumentCallSites(ServiceIdentifier serviceIdentifier, Type implementationType, CallSiteChain callSiteChain, ParameterInfo[] parameters, Boolean throwIfCallSiteNotFound)
   at Microsoft.Extensions.DependencyInjection.ServiceLookup.CallSiteFactory.CreateConstructorCallSite(ResultCache lifetime, ServiceIdentifier serviceIdentifier, Type implementationType, CallSiteChain callSiteChain)
   at Microsoft.Extensions.DependencyInjection.ServiceLookup.CallSiteFactory.TryCreateExact(ServiceDescriptor descriptor, ServiceIdentifier serviceIdentifier, CallSiteChain callSiteChain, Int32 slot)
   at Microsoft.Extensions.DependencyInjection.ServiceLookup.CallSiteFactory.GetCallSite(ServiceDescriptor serviceDescriptor, CallSiteChain callSiteChain)
   at Microsoft.Extensions.DependencyInjection.ServiceProvider.ValidateService(ServiceDescriptor descriptor)
   --- End of inner exception stack trace ---
   at Microsoft.Extensions.DependencyInjection.ServiceProvider.ValidateService(ServiceDescriptor descriptor)
   at Microsoft.Extensions.DependencyInjection.ServiceProvider..ctor(ICollection`1 serviceDescriptors, ServiceProviderOptions options)<---

